This file contains any messages produced by compilers while
running configure, to aid debugging if configure makes a mistake.

It was created by configure, which was
generated by GNU Autoconf 2.69.  Invocation command line was

  $ ./configure 

## --------- ##
## Platform. ##
## --------- ##

hostname = hplap
uname -m = x86_64
uname -r = 4.15.8-64
uname -s = Linux
uname -v = #68 SMP Sun Mar 18 05:59:35 UTC 2018

/usr/bin/uname -p = unknown
/bin/uname -X     = unknown

/bin/arch              = unknown
/usr/bin/arch -k       = unknown
/usr/convex/getsysinfo = unknown
/usr/bin/hostinfo      = unknown
/bin/machine           = unknown
/usr/bin/oslevel       = unknown
/bin/universe          = unknown

PATH: /usr/prebin
PATH: /usr/local/bin
PATH: /usr/bin
PATH: /usr/X11R7/bin
PATH: /bin
PATH: /usr/games/bin
PATH: .
PATH: /opt/Csound-6.05/bin
PATH: /opt/Python-2.7.13/bin
PATH: /opt/Python-3.6.2/bin
PATH: /opt/Qt5/bin
PATH: /opt/SDL/bin
PATH: /opt/SDL2/bin
PATH: /opt/games/bin
PATH: /opt/ghostscript-9.22/bin
PATH: /opt/git-2.16.2/bin
PATH: /opt/lua-5.3.4/bin
PATH: /opt/mujs-1.0.3/bin
PATH: /opt/netpbm-10.66.02/bin
PATH: /opt/opengl/bin
PATH: /opt/perl-5.24.1/bin
PATH: /opt/qemu-2.8.1_SDL_build/bin
PATH: /opt/ruby-2.5.0/bin
PATH: /opt/schily/bin
PATH: /opt/tcl-8.6.8/bin
PATH: /opt/timekeeper/bin
PATH: /opt/wine-3.8/bin


## ----------- ##
## Core tests. ##
## ----------- ##

configure:2076: checking for gcc
configure:2092: found /usr/bin/gcc
configure:2103: result: gcc
configure:2332: checking for C compiler version
configure:2341: gcc --version >&5
gcc (GCC) 8.1.0
Copyright (C) 2018 Free Software Foundation, Inc.
This is free software; see the source for copying conditions.  There is NO
warranty; not even for MERCHANTABILITY or FITNESS FOR A PARTICULAR PURPOSE.

configure:2352: $? = 0
configure:2341: gcc -v >&5
Using built-in specs.
COLLECT_GCC=gcc
COLLECT_LTO_WRAPPER=/usr/libexec/gcc/i486-pc-linux-gnu/8.1.0/lto-wrapper
Target: i486-pc-linux-gnu
Configured with: ../gcc-8.1.0-src/configure --prefix=/usr --sysconfdir=/etc --includedir=/usr/include --localstatedir=/var --mandir=/usr/share/man --infodir=/usr/share/info --host=i486-pc-linux-gnu --build=i486-pc-linux-gnu --target=i486-pc-linux-gnu --enable-languages=c,c++,go --disable-nls --disable-multilib
Thread model: posix
gcc version 8.1.0 (GCC) 
configure:2352: $? = 0
configure:2341: gcc -V >&5
gcc: error: unrecognized command line option '-V'
gcc: fatal error: no input files
compilation terminated.
configure:2352: $? = 1
configure:2341: gcc -qversion >&5
gcc: error: unrecognized command line option '-qversion'; did you mean '--version'?
gcc: fatal error: no input files
compilation terminated.
configure:2352: $? = 1
configure:2372: checking whether the C compiler works
configure:2394: gcc    conftest.c  >&5
configure:2398: $? = 0
configure:2446: result: yes
configure:2449: checking for C compiler default output file name
configure:2451: result: a.out
configure:2457: checking for suffix of executables
configure:2464: gcc -o conftest    conftest.c  >&5
configure:2468: $? = 0
configure:2490: result: 
configure:2512: checking whether we are cross compiling
configure:2520: gcc -o conftest    conftest.c  >&5
configure:2524: $? = 0
configure:2531: ./conftest
configure:2535: $? = 0
configure:2550: result: no
configure:2555: checking for suffix of object files
configure:2577: gcc -c   conftest.c >&5
configure:2581: $? = 0
configure:2602: result: o
configure:2606: checking whether we are using the GNU C compiler
configure:2625: gcc -c   conftest.c >&5
configure:2625: $? = 0
configure:2634: result: yes
configure:2643: checking whether gcc accepts -g
configure:2663: gcc -c -g  conftest.c >&5
configure:2663: $? = 0
configure:2704: result: yes
configure:2721: checking for gcc option to accept ISO C89
configure:2784: gcc  -c -g -O2  conftest.c >&5
configure:2784: $? = 0
configure:2797: result: none needed
configure:2823: checking whether make sets $(MAKE)
configure:2845: result: yes
configure:2897: checking for a BSD-compatible install
configure:2965: result: /bin/install -c
configure:2982: checking how to run the C preprocessor
configure:3013: gcc -E  conftest.c
configure:3013: $? = 0
configure:3027: gcc -E  conftest.c
conftest.c:9:10: fatal error: ac_nonexistent.h: No such file or directory
 #include <ac_nonexistent.h>
          ^~~~~~~~~~~~~~~~~~
compilation terminated.
configure:3027: $? = 1
configure: failed program was:
| /* confdefs.h */
| #define PACKAGE_NAME ""
| #define PACKAGE_TARNAME ""
| #define PACKAGE_VERSION ""
| #define PACKAGE_STRING ""
| #define PACKAGE_BUGREPORT ""
| #define PACKAGE_URL ""
| /* end confdefs.h.  */
| #include <ac_nonexistent.h>
configure:3052: result: gcc -E
configure:3072: gcc -E  conftest.c
configure:3072: $? = 0
configure:3086: gcc -E  conftest.c
conftest.c:9:10: fatal error: ac_nonexistent.h: No such file or directory
 #include <ac_nonexistent.h>
          ^~~~~~~~~~~~~~~~~~
compilation terminated.
configure:3086: $? = 1
configure: failed program was:
| /* confdefs.h */
| #define PACKAGE_NAME ""
| #define PACKAGE_TARNAME ""
| #define PACKAGE_VERSION ""
| #define PACKAGE_STRING ""
| #define PACKAGE_BUGREPORT ""
| #define PACKAGE_URL ""
| /* end confdefs.h.  */
| #include <ac_nonexistent.h>
configure:3115: checking for grep that handles long lines and -e
configure:3173: result: /bin/grep
configure:3178: checking for egrep
configure:3240: result: /bin/grep -E
configure:3245: checking for ANSI C header files
configure:3265: gcc -c -g -O2  conftest.c >&5
configure:3265: $? = 0
configure:3338: gcc -o conftest -g -O2   conftest.c  >&5
configure:3338: $? = 0
configure:3338: ./conftest
configure:3338: $? = 0
configure:3349: result: yes
configure:3364: checking for special C compiler options needed for large files
configure:3409: result: no
configure:3415: checking for _FILE_OFFSET_BITS value needed for large files
configure:3440: gcc -c -g -O2  conftest.c >&5
conftest.c:15:33: warning: left shift count >= width of type [-Wshift-count-overflow]
 #define LARGE_OFF_T (((off_t) 1 << 62) - 1 + ((off_t) 1 << 62))
                                 ^~
conftest.c:16:23: note: in expansion of macro 'LARGE_OFF_T'
   int off_t_is_large[(LARGE_OFF_T % 2147483629 == 721
                       ^~~~~~~~~~~
conftest.c:15:57: warning: left shift count >= width of type [-Wshift-count-overflow]
 #define LARGE_OFF_T (((off_t) 1 << 62) - 1 + ((off_t) 1 << 62))
                                                         ^~
conftest.c:16:23: note: in expansion of macro 'LARGE_OFF_T'
   int off_t_is_large[(LARGE_OFF_T % 2147483629 == 721
                       ^~~~~~~~~~~
conftest.c:15:33: warning: left shift count >= width of type [-Wshift-count-overflow]
 #define LARGE_OFF_T (((off_t) 1 << 62) - 1 + ((off_t) 1 << 62))
                                 ^~
conftest.c:17:13: note: in expansion of macro 'LARGE_OFF_T'
          && LARGE_OFF_T % 2147483647 == 1)
             ^~~~~~~~~~~
conftest.c:15:57: warning: left shift count >= width of type [-Wshift-count-overflow]
 #define LARGE_OFF_T (((off_t) 1 << 62) - 1 + ((off_t) 1 << 62))
                                                         ^~
conftest.c:17:13: note: in expansion of macro 'LARGE_OFF_T'
          && LARGE_OFF_T % 2147483647 == 1)
             ^~~~~~~~~~~
conftest.c:16:7: error: variably modified 'off_t_is_large' at file scope
   int off_t_is_large[(LARGE_OFF_T % 2147483629 == 721
       ^~~~~~~~~~~~~~
configure:3440: $? = 1
configure: failed program was:
| /* confdefs.h */
| #define PACKAGE_NAME ""
| #define PACKAGE_TARNAME ""
| #define PACKAGE_VERSION ""
| #define PACKAGE_STRING ""
| #define PACKAGE_BUGREPORT ""
| #define PACKAGE_URL ""
| #define STDC_HEADERS 1
| /* end confdefs.h.  */
| #include <sys/types.h>
|  /* Check that off_t can represent 2**63 - 1 correctly.
|     We can't simply define LARGE_OFF_T to be 9223372036854775807,
|     since some C++ compilers masquerading as C compilers
|     incorrectly reject 9223372036854775807.  */
| #define LARGE_OFF_T (((off_t) 1 << 62) - 1 + ((off_t) 1 << 62))
|   int off_t_is_large[(LARGE_OFF_T % 2147483629 == 721
| 		       && LARGE_OFF_T % 2147483647 == 1)
| 		      ? 1 : -1];
| int
| main ()
| {
| 
|   ;
|   return 0;
| }
configure:3464: gcc -c -g -O2  conftest.c >&5
configure:3464: $? = 0
configure:3472: result: 64
configure:3579: checking for sys/types.h
configure:3579: gcc -c -g -O2  conftest.c >&5
configure:3579: $? = 0
configure:3579: result: yes
configure:3579: checking for sys/stat.h
configure:3579: gcc -c -g -O2  conftest.c >&5
configure:3579: $? = 0
configure:3579: result: yes
configure:3579: checking for stdlib.h
configure:3579: gcc -c -g -O2  conftest.c >&5
configure:3579: $? = 0
configure:3579: result: yes
configure:3579: checking for string.h
configure:3579: gcc -c -g -O2  conftest.c >&5
configure:3579: $? = 0
configure:3579: result: yes
configure:3579: checking for memory.h
configure:3579: gcc -c -g -O2  conftest.c >&5
configure:3579: $? = 0
configure:3579: result: yes
configure:3579: checking for strings.h
configure:3579: gcc -c -g -O2  conftest.c >&5
configure:3579: $? = 0
configure:3579: result: yes
configure:3579: checking for inttypes.h
configure:3579: gcc -c -g -O2  conftest.c >&5
configure:3579: $? = 0
configure:3579: result: yes
configure:3579: checking for stdint.h
configure:3579: gcc -c -g -O2  conftest.c >&5
configure:3579: $? = 0
configure:3579: result: yes
configure:3579: checking for unistd.h
configure:3579: gcc -c -g -O2  conftest.c >&5
configure:3579: $? = 0
configure:3579: result: yes
configure:3591: checking openssl/crypto.h usability
configure:3591: gcc -c -g -O2  conftest.c >&5
configure:3591: $? = 0
configure:3591: result: yes
configure:3591: checking openssl/crypto.h presence
configure:3591: gcc -E  conftest.c
configure:3591: $? = 0
configure:3591: result: yes
configure:3591: checking for openssl/crypto.h
configure:3591: result: yes
configure:3597: checking openssl/ssl.h usability
configure:3597: gcc -c -g -O2  conftest.c >&5
configure:3597: $? = 0
configure:3597: result: yes
configure:3597: checking openssl/ssl.h presence
configure:3597: gcc -E  conftest.c
configure:3597: $? = 0
configure:3597: result: yes
configure:3597: checking for openssl/ssl.h
configure:3597: result: yes
configure:3604: checking for SSL_library_init in -lssl
configure:3629: gcc -o conftest -g -O2   conftest.c -lssl   >&5
configure:3629: $? = 0
configure:3638: result: yes
configure:3651: checking for EVP_CIPHER_CTX_init in -lcrypto
configure:3676: gcc -o conftest -g -O2   conftest.c -lcrypto  -lssl  >&5
configure:3676: $? = 0
configure:3685: result: yes
configure:3864: creating ./config.status

## ---------------------- ##
## Running config.status. ##
## ---------------------- ##

This file was extended by config.status, which was
generated by GNU Autoconf 2.69.  Invocation command line was

  CONFIG_FILES    = 
  CONFIG_HEADERS  = 
  CONFIG_LINKS    = 
  CONFIG_COMMANDS = 
  $ ./config.status 

on hplap

config.status:730: creating Makefile
configure:4941: === configuring in libUseful (/tmp/Sommelier/libUseful)
configure:5004: running /bin/sh ./configure --disable-option-checking '--prefix=/usr/local'  --cache-file=/dev/null --srcdir=.

## ---------------- ##
## Cache variables. ##
## ---------------- ##

ac_cv_c_compiler_gnu=yes
ac_cv_env_CC_set=
ac_cv_env_CC_value=
ac_cv_env_CFLAGS_set=
ac_cv_env_CFLAGS_value=
ac_cv_env_CPPFLAGS_set=
ac_cv_env_CPPFLAGS_value=
ac_cv_env_CPP_set=
ac_cv_env_CPP_value=
ac_cv_env_LDFLAGS_set=
ac_cv_env_LDFLAGS_value=
ac_cv_env_LIBS_set=
ac_cv_env_LIBS_value=
ac_cv_env_build_alias_set=
ac_cv_env_build_alias_value=
ac_cv_env_host_alias_set=
ac_cv_env_host_alias_value=
ac_cv_env_target_alias_set=
ac_cv_env_target_alias_value=
ac_cv_header_inttypes_h=yes
ac_cv_header_memory_h=yes
ac_cv_header_openssl_crypto_h=yes
ac_cv_header_openssl_ssl_h=yes
ac_cv_header_stdc=yes
ac_cv_header_stdint_h=yes
ac_cv_header_stdlib_h=yes
ac_cv_header_string_h=yes
ac_cv_header_strings_h=yes
ac_cv_header_sys_stat_h=yes
ac_cv_header_sys_types_h=yes
ac_cv_header_unistd_h=yes
ac_cv_lib_crypto_EVP_CIPHER_CTX_init=yes
ac_cv_lib_ssl_SSL_library_init=yes
ac_cv_objext=o
ac_cv_path_EGREP='/bin/grep -E'
ac_cv_path_GREP=/bin/grep
ac_cv_path_install='/bin/install -c'
ac_cv_prog_CPP='gcc -E'
ac_cv_prog_ac_ct_CC=gcc
ac_cv_prog_cc_c89=
ac_cv_prog_cc_g=yes
ac_cv_prog_make_make_set=yes
ac_cv_sys_file_offset_bits=64
ac_cv_sys_largefile_CC=no

## ----------------- ##
## Output variables. ##
## ----------------- ##

CC='gcc'
CFLAGS='-g -O2'
CPP='gcc -E'
CPPFLAGS=''
DEFS='-DPACKAGE_NAME=\"\" -DPACKAGE_TARNAME=\"\" -DPACKAGE_VERSION=\"\" -DPACKAGE_STRING=\"\" -DPACKAGE_BUGREPORT=\"\" -DPACKAGE_URL=\"\" -DSTDC_HEADERS=1 -D_FILE_OFFSET_BITS=64 -DHAVE_SYS_TYPES_H=1 -DHAVE_SYS_STAT_H=1 -DHAVE_STDLIB_H=1 -DHAVE_STRING_H=1 -DHAVE_MEMORY_H=1 -DHAVE_STRINGS_H=1 -DHAVE_INTTYPES_H=1 -DHAVE_STDINT_H=1 -DHAVE_UNISTD_H=1 -DHAVE_LIBSSL=1 -DHAVE_LIBCRYPTO=1'
ECHO_C=''
ECHO_N='-n'
ECHO_T=''
EGREP='/bin/grep -E'
EXEEXT=''
GREP='/bin/grep'
INSTALL_DATA='${INSTALL} -m 644'
INSTALL_PROGRAM='${INSTALL}'
INSTALL_SCRIPT='${INSTALL}'
LDFLAGS=''
LIBOBJS=''
LIBS='-lcrypto -lssl '
LTLIBOBJS=''
OBJEXT='o'
PACKAGE_BUGREPORT=''
PACKAGE_NAME=''
PACKAGE_STRING=''
PACKAGE_TARNAME=''
PACKAGE_URL=''
PACKAGE_VERSION=''
PATH_SEPARATOR=':'
SET_MAKE=''
SHELL='/bin/sh'
STATIC_LIBS='libUseful-3/libUseful.a'
ac_ct_CC='gcc'
bindir='${exec_prefix}/bin'
build_alias=''
datadir='${datarootdir}'
datarootdir='${prefix}/share'
docdir='${datarootdir}/doc/${PACKAGE}'
dvidir='${docdir}'
exec_prefix='${prefix}'
host_alias=''
htmldir='${docdir}'
includedir='${prefix}/include'
infodir='${datarootdir}/info'
libdir='${exec_prefix}/lib'
libexecdir='${exec_prefix}/libexec'
localedir='${datarootdir}/locale'
localstatedir='${prefix}/var'
mandir='${datarootdir}/man'
oldincludedir='/usr/include'
pdfdir='${docdir}'
prefix='/usr/local'
program_transform_name='s,x,x,'
psdir='${docdir}'
sbindir='${exec_prefix}/sbin'
sharedstatedir='${prefix}/com'
subdirs=' libUseful'
sysconfdir='${prefix}/etc'
target_alias=''

## ----------- ##
## confdefs.h. ##
## ----------- ##

/* confdefs.h */
#define PACKAGE_NAME ""
#define PACKAGE_TARNAME ""
#define PACKAGE_VERSION ""
#define PACKAGE_STRING ""
#define PACKAGE_BUGREPORT ""
#define PACKAGE_URL ""
#define STDC_HEADERS 1
#define _FILE_OFFSET_BITS 64
#define HAVE_SYS_TYPES_H 1
#define HAVE_SYS_STAT_H 1
#define HAVE_STDLIB_H 1
#define HAVE_STRING_H 1
#define HAVE_MEMORY_H 1
#define HAVE_STRINGS_H 1
#define HAVE_INTTYPES_H 1
#define HAVE_STDINT_H 1
#define HAVE_UNISTD_H 1
#define HAVE_LIBSSL 1
#define HAVE_LIBCRYPTO 1

configure: exit 0
