This file contains any messages produced by compilers while
running configure, to aid debugging if configure makes a mistake.

It was created by libUseful configure 5.74, which was
generated by GNU Autoconf 2.72.  Invocation command line was

  $ ./configure --disable-option-checking --prefix=/usr/local --enable-ssl --enable-seccomp --enable-namemspaces --without-libuseful --cache-file=/dev/null --srcdir=.

## --------- ##
## Platform. ##
## --------- ##

hostname = beast
uname -m = x86_64
uname -r = 6.14.1-cold-64
uname -s = Linux
uname -v = #7 SMP PREEMPT_DYNAMIC Thu Apr 10 12:38:18 BST 2025

/usr/bin/uname -p = unknown
/bin/uname -X     = 

/bin/arch              = unknown
/usr/bin/arch -k       = unknown
/usr/convex/getsysinfo = unknown
/usr/bin/hostinfo      = unknown
/bin/machine           = unknown
/usr/bin/oslevel       = unknown
/bin/universe          = unknown

PATH: /usr/prebin/
PATH: /home/colum/bin/
PATH: /usr/local/bin/
PATH: /usr/bin/
PATH: /usr/X11R7/bin/
PATH: /bin/
PATH: /usr/games/bin/
PATH: ./
PATH: /opt/avr/bin/
PATH: /opt/boinc_client-7.14.2/bin/
PATH: /opt/brlcad-7.26.4/bin/
PATH: /opt/clamav-0.100.1/bin/
PATH: /opt/csound-6.18.1/bin/
PATH: /opt/ctoxcore-0.2.18/bin/
PATH: /opt/Drawing/bin/
PATH: /opt/emulators/bin/
PATH: /opt/FLTK/bin/
PATH: /opt/games/bin/
PATH: /opt/gifprogs-5.1.2/bin/
PATH: /opt/git-2.27.0/bin/
PATH: /opt/graphviz-2.40.1/bin/
PATH: /opt/graphviz-2.43.20200407.0324/bin/
PATH: /opt/jpegprogs-9c/bin/
PATH: /opt/LibreCAD/bin/
PATH: /opt/localrocks-3.11.1/bin/
PATH: /opt/lua-5.3.4/bin/
PATH: /opt/mujs-1.0.5/bin/
PATH: /opt/netpbm-10.66.02/bin/
PATH: /opt/opengl/bin/
PATH: /opt/openjdk-8u262/bin/
PATH: /opt/Paint3D/bin/
PATH: /opt/perl-5.24.1/bin/
PATH: /opt/pngprogs-1.6.30/bin/
PATH: /opt/Python-3.7.1/bin/
PATH: /opt/qemu-5.2.1_SDL/bin/
PATH: /opt/Qt5/bin/
PATH: /opt/rust-1.57.0/bin/
PATH: /opt/SDL2/bin/
PATH: /opt/SDL/bin/
PATH: /opt/sound-studio/bin/
PATH: /opt/tcl-8.6.10/bin/
PATH: /opt/tiffprogs-4.0.8/bin/
PATH: /opt/wine-11.0/bin/
PATH: /opt/xboinc_client-7.14.2/bin/


## ----------- ##
## Core tests. ##
## ----------- ##

configure:2584: checking for ar
configure:2605: found /usr/bin/ar
configure:2617: result: ar
configure:2720: checking for gcc
configure:2741: found /usr/bin/gcc
configure:2753: result: gcc
configure:3112: checking for C compiler version
configure:3121: gcc --version >&5
gcc (GCC) 8.3.0
Copyright (C) 2018 Free Software Foundation, Inc.
This is free software; see the source for copying conditions.  There is NO
warranty; not even for MERCHANTABILITY or FITNESS FOR A PARTICULAR PURPOSE.

configure:3132: $? = 0
configure:3121: gcc -v >&5
Using built-in specs.
COLLECT_GCC=gcc
COLLECT_LTO_WRAPPER=/usr/libexec/gcc/i486-pc-linux-gnu/8.3.0/lto-wrapper
Target: i486-pc-linux-gnu
Configured with: ../gcc-8.3.0-src/configure --enable-languages=c,c++,go --disable-nls --disable-multilib --prefix=/usr --sysconfdir=/etc --includedir=/usr/include --localstatedir=/var --mandir=/usr/share/man --infodir=/usr/share/info --host=i486-pc-linux-gnu --build=i486-pc-linux-gnu --target=i486-pc-linux-gnu
Thread model: posix
gcc version 8.3.0 (GCC) 
configure:3132: $? = 0
configure:3121: gcc -V >&5
gcc: error: unrecognized command line option '-V'
gcc: fatal error: no input files
compilation terminated.
configure:3132: $? = 1
configure:3121: gcc -qversion >&5
gcc: error: unrecognized command line option '-qversion'; did you mean '--version'?
gcc: fatal error: no input files
compilation terminated.
configure:3132: $? = 1
configure:3121: gcc -version >&5
gcc: error: unrecognized command line option '-version'
gcc: fatal error: no input files
compilation terminated.
configure:3132: $? = 1
configure:3152: checking whether the C compiler works
configure:3174: gcc    conftest.c  >&5
configure:3178: $? = 0
configure:3229: result: yes
configure:3233: checking for C compiler default output file name
configure:3235: result: a.out
configure:3241: checking for suffix of executables
configure:3248: gcc -o conftest    conftest.c  >&5
configure:3252: $? = 0
configure:3276: result: 
configure:3300: checking whether we are cross compiling
configure:3308: gcc -o conftest    conftest.c  >&5
configure:3312: $? = 0
configure:3319: ./conftest
configure:3323: $? = 0
configure:3338: result: no
configure:3344: checking for suffix of object files
configure:3367: gcc -c   conftest.c >&5
configure:3371: $? = 0
configure:3395: result: o
configure:3399: checking whether the compiler supports GNU C
configure:3419: gcc -c   conftest.c >&5
configure:3419: $? = 0
configure:3431: result: yes
configure:3442: checking whether gcc accepts -g
configure:3463: gcc -c -g  conftest.c >&5
configure:3463: $? = 0
configure:3510: result: yes
configure:3530: checking for gcc option to enable C11 features
configure:3545: gcc  -c -g -O2  conftest.c >&5
configure:3545: $? = 0
configure:3564: result: none needed
configure:3688: checking whether make sets $(MAKE)
configure:3712: result: yes
configure:3721: checking for grep that handles long lines and -e
configure:3787: result: /bin/grep
configure:3792: checking for egrep
configure:3862: result: /bin/grep -E
configure:3877: checking for gcc option to enable large file support
configure:3912: gcc -c -g -O2  conftest.c >&5
conftest.c:17:39: warning: result of '-2147483648 << 31' requires 63 bits to represent, but 'long int' only has 32 bits [-Wshift-overflow=]
 #define LARGE_FTYPE (((FTYPE) 1 << 31 << 31) - 1 + ((FTYPE) 1 << 31 << 31))
                                       ^~
conftest.c:18:23: note: in expansion of macro 'LARGE_FTYPE'
   int FTYPE_is_large[(LARGE_FTYPE % 2147483629 == 721
                       ^~~~~~~~~~~
conftest.c:17:69: warning: result of '-2147483648 << 31' requires 63 bits to represent, but 'long int' only has 32 bits [-Wshift-overflow=]
 #define LARGE_FTYPE (((FTYPE) 1 << 31 << 31) - 1 + ((FTYPE) 1 << 31 << 31))
                                                                     ^~
conftest.c:18:23: note: in expansion of macro 'LARGE_FTYPE'
   int FTYPE_is_large[(LARGE_FTYPE % 2147483629 == 721
                       ^~~~~~~~~~~
conftest.c:17:39: warning: result of '-2147483648 << 31' requires 63 bits to represent, but 'long int' only has 32 bits [-Wshift-overflow=]
 #define LARGE_FTYPE (((FTYPE) 1 << 31 << 31) - 1 + ((FTYPE) 1 << 31 << 31))
                                       ^~
conftest.c:19:13: note: in expansion of macro 'LARGE_FTYPE'
          && LARGE_FTYPE % 2147483647 == 1)
             ^~~~~~~~~~~
conftest.c:17:69: warning: result of '-2147483648 << 31' requires 63 bits to represent, but 'long int' only has 32 bits [-Wshift-overflow=]
 #define LARGE_FTYPE (((FTYPE) 1 << 31 << 31) - 1 + ((FTYPE) 1 << 31 << 31))
                                                                     ^~
conftest.c:19:13: note: in expansion of macro 'LARGE_FTYPE'
          && LARGE_FTYPE % 2147483647 == 1)
             ^~~~~~~~~~~
conftest.c:18:7: error: variably modified 'FTYPE_is_large' at file scope
   int FTYPE_is_large[(LARGE_FTYPE % 2147483629 == 721
       ^~~~~~~~~~~~~~
configure:3912: $? = 1
configure: failed program was:
| /* confdefs.h */
| #define PACKAGE_NAME "libUseful"
| #define PACKAGE_TARNAME "libuseful"
| #define PACKAGE_VERSION "5.74"
| #define PACKAGE_STRING "libUseful 5.74"
| #define PACKAGE_BUGREPORT "colums.projects@gmail.com"
| #define PACKAGE_URL ""
| /* end confdefs.h.  */
| #include <sys/types.h>
| #ifndef FTYPE
| # define FTYPE off_t
| #endif
|  /* Check that FTYPE can represent 2**63 - 1 correctly.
|     We can't simply define LARGE_FTYPE to be 9223372036854775807,
|     since some C++ compilers masquerading as C compilers
|     incorrectly reject 9223372036854775807.  */
| #define LARGE_FTYPE (((FTYPE) 1 << 31 << 31) - 1 + ((FTYPE) 1 << 31 << 31))
|   int FTYPE_is_large[(LARGE_FTYPE % 2147483629 == 721
| 		       && LARGE_FTYPE % 2147483647 == 1)
| 		      ? 1 : -1];
| int
| main (void)
| {
| 
|   ;
|   return 0;
| }
configure:3912: gcc -D_FILE_OFFSET_BITS=64 -c -g -O2  conftest.c >&5
configure:3912: $? = 0
configure:3943: result: -D_FILE_OFFSET_BITS=64
configure:4045: checking for working volatile
configure:4065: gcc -c -g -O2  conftest.c >&5
configure:4065: $? = 0
configure:4075: result: yes
configure:4083: checking for inline
configure:4100: gcc -c -g -O2  conftest.c >&5
configure:4100: $? = 0
configure:4110: result: inline
configure:4282: checking if compiler supports -fPIC
configure:4299: gcc -c -g -O2 -fPIC  conftest.c >&5
configure:4299: $? = 0
configure:4307: result: yes
configure:4724: checking for get_current_dir_name in -lc
configure:4753: gcc -o conftest -g -O2 -fPIC   conftest.c -lc   >&5
configure:4753: $? = 0
configure:4765: result: yes
configure:4773: checking for getloadavg
configure:4773: gcc -o conftest -g -O2 -fPIC   conftest.c  >&5
configure:4773: $? = 0
configure:4773: result: yes
configure:4779: checking for sysinfo
configure:4779: gcc -o conftest -g -O2 -fPIC   conftest.c  >&5
configure:4779: $? = 0
configure:4779: result: yes
configure:4785: checking for sysconf
configure:4785: gcc -o conftest -g -O2 -fPIC   conftest.c  >&5
configure:4785: $? = 0
configure:4785: result: yes
configure:4791: checking for getpagesize
configure:4791: gcc -o conftest -g -O2 -fPIC   conftest.c  >&5
configure:4791: $? = 0
configure:4791: result: yes
configure:4797: checking for ptsname_r
configure:4797: gcc -o conftest -g -O2 -fPIC   conftest.c  >&5
configure:4797: $? = 0
configure:4797: result: yes
configure:4803: checking for clearenv
configure:4803: gcc -o conftest -g -O2 -fPIC   conftest.c  >&5
configure:4803: $? = 0
configure:4803: result: yes
configure:4809: checking for setresuid
configure:4809: gcc -o conftest -g -O2 -fPIC   conftest.c  >&5
configure:4809: $? = 0
configure:4809: result: yes
configure:4815: checking for initgroups
configure:4815: gcc -o conftest -g -O2 -fPIC   conftest.c  >&5
configure:4815: $? = 0
configure:4815: result: yes
configure:4821: checking for mlock
configure:4821: gcc -o conftest -g -O2 -fPIC   conftest.c  >&5
configure:4821: $? = 0
configure:4821: result: yes
configure:4827: checking for mlockall
configure:4827: gcc -o conftest -g -O2 -fPIC   conftest.c  >&5
configure:4827: $? = 0
configure:4827: result: yes
configure:4833: checking for munlockall
configure:4833: gcc -o conftest -g -O2 -fPIC   conftest.c  >&5
configure:4833: $? = 0
configure:4833: result: yes
configure:4839: checking for madvise
configure:4839: gcc -o conftest -g -O2 -fPIC   conftest.c  >&5
configure:4839: $? = 0
configure:4839: result: yes
configure:4845: checking for htonll
configure:4845: gcc -o conftest -g -O2 -fPIC   conftest.c  >&5
/usr/lib/gcc/i486-pc-linux-gnu/8.3.0/../../../../i486-pc-linux-gnu/bin/ld: /tmp/ccmhwXqu.o: in function `main':
/home/colum/work/sommelier/libUseful-bundled/conftest.c:50: undefined reference to `htonll'
collect2: error: ld returned 1 exit status
configure:4845: $? = 1
configure: failed program was:
| /* confdefs.h */
| #define PACKAGE_NAME "libUseful"
| #define PACKAGE_TARNAME "libuseful"
| #define PACKAGE_VERSION "5.74"
| #define PACKAGE_STRING "libUseful 5.74"
| #define PACKAGE_BUGREPORT "colums.projects@gmail.com"
| #define PACKAGE_URL ""
| #define _FILE_OFFSET_BITS 64
| #define HAVE_GET_CURR_DIR 1
| #define HAVE_GETLOADAVG 1
| #define HAVE_SYSINFO 1
| #define HAVE_SYSCONF 1
| #define HAVE_GETPAGESIZE 1
| #define HAVE_PTSNAME_R 1
| #define HAVE_CLEARENV 1
| #define HAVE_SETRESUID 1
| #define HAVE_INITGROUPS 1
| #define HAVE_MLOCK 1
| #define HAVE_MLOCKALL 1
| #define HAVE_MUNLOCKALL 1
| #define HAVE_MADVISE 1
| /* end confdefs.h.  */
| /* Define htonll to an innocuous variant, in case <limits.h> declares htonll.
|    For example, HP-UX 11i <limits.h> declares gettimeofday.  */
| #define htonll innocuous_htonll
| 
| /* System header to define __stub macros and hopefully few prototypes,
|    which can conflict with char htonll (void); below.  */
| 
| #include <limits.h>
| #undef htonll
| 
| /* Override any GCC internal prototype to avoid an error.
|    Use char because int might match the return type of a GCC
|    builtin and then its argument prototype would still apply.  */
| #ifdef __cplusplus
| extern "C"
| #endif
| char htonll (void);
| /* The GNU C library defines this for functions which it implements
|     to always fail with ENOSYS.  Some functions are actually named
|     something starting with __ and the normal name is an alias.  */
| #if defined __stub_htonll || defined __stub___htonll
| choke me
| #endif
| 
| int
| main (void)
| {
| return htonll ();
|   ;
|   return 0;
| }
configure:4845: result: no
configure:4851: checking for ntohll
configure:4851: gcc -o conftest -g -O2 -fPIC   conftest.c  >&5
/usr/lib/gcc/i486-pc-linux-gnu/8.3.0/../../../../i486-pc-linux-gnu/bin/ld: /tmp/ccGdIPVF.o: in function `main':
/home/colum/work/sommelier/libUseful-bundled/conftest.c:50: undefined reference to `ntohll'
collect2: error: ld returned 1 exit status
configure:4851: $? = 1
configure: failed program was:
| /* confdefs.h */
| #define PACKAGE_NAME "libUseful"
| #define PACKAGE_TARNAME "libuseful"
| #define PACKAGE_VERSION "5.74"
| #define PACKAGE_STRING "libUseful 5.74"
| #define PACKAGE_BUGREPORT "colums.projects@gmail.com"
| #define PACKAGE_URL ""
| #define _FILE_OFFSET_BITS 64
| #define HAVE_GET_CURR_DIR 1
| #define HAVE_GETLOADAVG 1
| #define HAVE_SYSINFO 1
| #define HAVE_SYSCONF 1
| #define HAVE_GETPAGESIZE 1
| #define HAVE_PTSNAME_R 1
| #define HAVE_CLEARENV 1
| #define HAVE_SETRESUID 1
| #define HAVE_INITGROUPS 1
| #define HAVE_MLOCK 1
| #define HAVE_MLOCKALL 1
| #define HAVE_MUNLOCKALL 1
| #define HAVE_MADVISE 1
| /* end confdefs.h.  */
| /* Define ntohll to an innocuous variant, in case <limits.h> declares ntohll.
|    For example, HP-UX 11i <limits.h> declares gettimeofday.  */
| #define ntohll innocuous_ntohll
| 
| /* System header to define __stub macros and hopefully few prototypes,
|    which can conflict with char ntohll (void); below.  */
| 
| #include <limits.h>
| #undef ntohll
| 
| /* Override any GCC internal prototype to avoid an error.
|    Use char because int might match the return type of a GCC
|    builtin and then its argument prototype would still apply.  */
| #ifdef __cplusplus
| extern "C"
| #endif
| char ntohll (void);
| /* The GNU C library defines this for functions which it implements
|     to always fail with ENOSYS.  Some functions are actually named
|     something starting with __ and the normal name is an alias.  */
| #if defined __stub_ntohll || defined __stub___ntohll
| choke me
| #endif
| 
| int
| main (void)
| {
| return ntohll ();
|   ;
|   return 0;
| }
configure:4851: result: no
configure:4857: checking for mkostemp
configure:4857: gcc -o conftest -g -O2 -fPIC   conftest.c  >&5
configure:4857: $? = 0
configure:4857: result: yes
configure:4863: checking for mount
configure:4863: gcc -o conftest -g -O2 -fPIC   conftest.c  >&5
configure:4863: $? = 0
configure:4863: result: yes
configure:4869: checking for umount
configure:4869: gcc -o conftest -g -O2 -fPIC   conftest.c  >&5
configure:4869: $? = 0
configure:4869: result: yes
configure:4875: checking for umount2
configure:4875: gcc -o conftest -g -O2 -fPIC   conftest.c  >&5
configure:4875: $? = 0
configure:4875: result: yes
configure:4881: checking for getentropy
configure:4881: gcc -o conftest -g -O2 -fPIC   conftest.c  >&5
configure:4881: $? = 0
configure:4881: result: yes
configure:4923: checking for poll
configure:4923: gcc -o conftest -g -O2 -fPIC   conftest.c  >&5
configure:4923: $? = 0
configure:4923: result: yes
configure:4949: checking for stdio.h
configure:4949: gcc -c -g -O2 -fPIC  conftest.c >&5
configure:4949: $? = 0
configure:4949: result: yes
configure:4949: checking for stdlib.h
configure:4949: gcc -c -g -O2 -fPIC  conftest.c >&5
configure:4949: $? = 0
configure:4949: result: yes
configure:4949: checking for string.h
configure:4949: gcc -c -g -O2 -fPIC  conftest.c >&5
configure:4949: $? = 0
configure:4949: result: yes
configure:4949: checking for inttypes.h
configure:4949: gcc -c -g -O2 -fPIC  conftest.c >&5
configure:4949: $? = 0
configure:4949: result: yes
configure:4949: checking for stdint.h
configure:4949: gcc -c -g -O2 -fPIC  conftest.c >&5
configure:4949: $? = 0
configure:4949: result: yes
configure:4949: checking for strings.h
configure:4949: gcc -c -g -O2 -fPIC  conftest.c >&5
configure:4949: $? = 0
configure:4949: result: yes
configure:4949: checking for sys/stat.h
configure:4949: gcc -c -g -O2 -fPIC  conftest.c >&5
configure:4949: $? = 0
configure:4949: result: yes
configure:4949: checking for sys/types.h
configure:4949: gcc -c -g -O2 -fPIC  conftest.c >&5
configure:4949: $? = 0
configure:4949: result: yes
configure:4949: checking for unistd.h
configure:4949: gcc -c -g -O2 -fPIC  conftest.c >&5
configure:4949: $? = 0
configure:4949: result: yes
configure:4977: checking for sys/epoll.h
configure:4977: gcc -c -g -O2 -fPIC  conftest.c >&5
configure:4977: $? = 0
configure:4977: result: yes
configure:4989: checking for epoll_create1
configure:4989: gcc -o conftest -g -O2 -fPIC   conftest.c  >&5
configure:4989: $? = 0
configure:4989: result: yes
configure:5016: checking for sys/sendfile.h
configure:5016: gcc -c -g -O2 -fPIC  conftest.c >&5
configure:5016: $? = 0
configure:5016: result: yes
configure:5028: checking for sendfile
configure:5028: gcc -o conftest -g -O2 -fPIC   conftest.c  >&5
configure:5028: $? = 0
configure:5028: result: yes
configure:5044: checking for sys/random.h
configure:5044: gcc -c -g -O2 -fPIC  conftest.c >&5
configure:5044: $? = 0
configure:5044: result: yes
configure:5061: checking for linux/netfilter_ipv4.h
configure:5061: gcc -c -g -O2 -fPIC  conftest.c >&5
configure:5061: $? = 0
configure:5061: result: yes
configure:5356: checking for unshare in -lc
configure:5385: gcc -o conftest -g -O2 -fPIC   conftest.c -lc   >&5
configure:5385: $? = 0
configure:5397: result: yes
configure:5415: checking for setns in -lc
configure:5444: gcc -o conftest -g -O2 -fPIC   conftest.c -lc  -lc  >&5
configure:5444: $? = 0
configure:5456: result: yes
configure:5488: checking for gcc options needed to detect all undeclared functions
configure:5510: gcc -c -g -O2 -fPIC   conftest.c >&5
conftest.c: In function 'main':
conftest.c:59:8: error: 'strchr' undeclared (first use in this function)
 (void) strchr;
        ^~~~~~
conftest.c:59:8: note: 'strchr' is defined in header '<string.h>'; did you forget to '#include <string.h>'?
conftest.c:1:1:
 /* confdefs.h */
conftest.c:59:8:
 (void) strchr;
        ^~~~~~
conftest.c:59:8: note: each undeclared identifier is reported only once for each function it appears in
configure:5510: $? = 1
configure: failed program was:
| /* confdefs.h */
| #define PACKAGE_NAME "libUseful"
| #define PACKAGE_TARNAME "libuseful"
| #define PACKAGE_VERSION "5.74"
| #define PACKAGE_STRING "libUseful 5.74"
| #define PACKAGE_BUGREPORT "colums.projects@gmail.com"
| #define PACKAGE_URL ""
| #define _FILE_OFFSET_BITS 64
| #define HAVE_GET_CURR_DIR 1
| #define HAVE_GETLOADAVG 1
| #define HAVE_SYSINFO 1
| #define HAVE_SYSCONF 1
| #define HAVE_GETPAGESIZE 1
| #define HAVE_PTSNAME_R 1
| #define HAVE_CLEARENV 1
| #define HAVE_SETRESUID 1
| #define HAVE_INITGROUPS 1
| #define HAVE_MLOCK 1
| #define HAVE_MLOCKALL 1
| #define HAVE_MUNLOCKALL 1
| #define HAVE_MADVISE 1
| #define HAVE_MKOSTEMP 1
| #define HAVE_MOUNT 1
| #define HAVE_UMOUNT 1
| #define HAVE_UMOUNT2 1
| #define HAVE_GETENTROPY 1
| #define USE_STRLEN_CACHE 1
| #define HAVE_POLL 1
| #define HAVE_STDIO_H 1
| #define HAVE_STDLIB_H 1
| #define HAVE_STRING_H 1
| #define HAVE_INTTYPES_H 1
| #define HAVE_STDINT_H 1
| #define HAVE_STRINGS_H 1
| #define HAVE_SYS_STAT_H 1
| #define HAVE_SYS_TYPES_H 1
| #define HAVE_UNISTD_H 1
| #define STDC_HEADERS 1
| #define HAVE_EPOLL 1
| #define HAVE_SENDFILE 1
| #define HAVE_SYS_RANDOM 1
| #define HAVE_LINUX_NETFILTER_IPV4_H 1
| #define USE_INET6 1
| #define USE_CRC32 1
| #define USE_MD5 1
| #define USE_SHA1 1
| #define USE_SHA2 1
| #define USE_WHIRL 1
| #define USE_JH 1
| #define HAVE_LIBC 1
| #define HAVE_UNSHARE 1
| #define HAVE_LIBC 1
| #define HAVE_SETNS 1
| /* end confdefs.h.  */
| 
| int
| main (void)
| {
| (void) strchr;
|   ;
|   return 0;
| }
configure:5537: gcc -c -g -O2 -fPIC   conftest.c >&5
configure:5537: $? = 0
configure:5557: result: none needed
configure:5576: checking how to run the C preprocessor
configure:5602: gcc -E  conftest.c
configure:5602: $? = 0
configure:5618: gcc -E  conftest.c
conftest.c:55:10: fatal error: ac_nonexistent.h: No such file or directory
 #include <ac_nonexistent.h>
          ^~~~~~~~~~~~~~~~~~
compilation terminated.
configure:5618: $? = 1
configure: failed program was:
| /* confdefs.h */
| #define PACKAGE_NAME "libUseful"
| #define PACKAGE_TARNAME "libuseful"
| #define PACKAGE_VERSION "5.74"
| #define PACKAGE_STRING "libUseful 5.74"
| #define PACKAGE_BUGREPORT "colums.projects@gmail.com"
| #define PACKAGE_URL ""
| #define _FILE_OFFSET_BITS 64
| #define HAVE_GET_CURR_DIR 1
| #define HAVE_GETLOADAVG 1
| #define HAVE_SYSINFO 1
| #define HAVE_SYSCONF 1
| #define HAVE_GETPAGESIZE 1
| #define HAVE_PTSNAME_R 1
| #define HAVE_CLEARENV 1
| #define HAVE_SETRESUID 1
| #define HAVE_INITGROUPS 1
| #define HAVE_MLOCK 1
| #define HAVE_MLOCKALL 1
| #define HAVE_MUNLOCKALL 1
| #define HAVE_MADVISE 1
| #define HAVE_MKOSTEMP 1
| #define HAVE_MOUNT 1
| #define HAVE_UMOUNT 1
| #define HAVE_UMOUNT2 1
| #define HAVE_GETENTROPY 1
| #define USE_STRLEN_CACHE 1
| #define HAVE_POLL 1
| #define HAVE_STDIO_H 1
| #define HAVE_STDLIB_H 1
| #define HAVE_STRING_H 1
| #define HAVE_INTTYPES_H 1
| #define HAVE_STDINT_H 1
| #define HAVE_STRINGS_H 1
| #define HAVE_SYS_STAT_H 1
| #define HAVE_SYS_TYPES_H 1
| #define HAVE_UNISTD_H 1
| #define STDC_HEADERS 1
| #define HAVE_EPOLL 1
| #define HAVE_SENDFILE 1
| #define HAVE_SYS_RANDOM 1
| #define HAVE_LINUX_NETFILTER_IPV4_H 1
| #define USE_INET6 1
| #define USE_CRC32 1
| #define USE_MD5 1
| #define USE_SHA1 1
| #define USE_SHA2 1
| #define USE_WHIRL 1
| #define USE_JH 1
| #define HAVE_LIBC 1
| #define HAVE_UNSHARE 1
| #define HAVE_LIBC 1
| #define HAVE_SETNS 1
| /* end confdefs.h.  */
| #include <ac_nonexistent.h>
configure:5647: result: gcc -E
configure:5661: gcc -E  conftest.c
configure:5661: $? = 0
configure:5677: gcc -E  conftest.c
conftest.c:55:10: fatal error: ac_nonexistent.h: No such file or directory
 #include <ac_nonexistent.h>
          ^~~~~~~~~~~~~~~~~~
compilation terminated.
configure:5677: $? = 1
configure: failed program was:
| /* confdefs.h */
| #define PACKAGE_NAME "libUseful"
| #define PACKAGE_TARNAME "libuseful"
| #define PACKAGE_VERSION "5.74"
| #define PACKAGE_STRING "libUseful 5.74"
| #define PACKAGE_BUGREPORT "colums.projects@gmail.com"
| #define PACKAGE_URL ""
| #define _FILE_OFFSET_BITS 64
| #define HAVE_GET_CURR_DIR 1
| #define HAVE_GETLOADAVG 1
| #define HAVE_SYSINFO 1
| #define HAVE_SYSCONF 1
| #define HAVE_GETPAGESIZE 1
| #define HAVE_PTSNAME_R 1
| #define HAVE_CLEARENV 1
| #define HAVE_SETRESUID 1
| #define HAVE_INITGROUPS 1
| #define HAVE_MLOCK 1
| #define HAVE_MLOCKALL 1
| #define HAVE_MUNLOCKALL 1
| #define HAVE_MADVISE 1
| #define HAVE_MKOSTEMP 1
| #define HAVE_MOUNT 1
| #define HAVE_UMOUNT 1
| #define HAVE_UMOUNT2 1
| #define HAVE_GETENTROPY 1
| #define USE_STRLEN_CACHE 1
| #define HAVE_POLL 1
| #define HAVE_STDIO_H 1
| #define HAVE_STDLIB_H 1
| #define HAVE_STRING_H 1
| #define HAVE_INTTYPES_H 1
| #define HAVE_STDINT_H 1
| #define HAVE_STRINGS_H 1
| #define HAVE_SYS_STAT_H 1
| #define HAVE_SYS_TYPES_H 1
| #define HAVE_UNISTD_H 1
| #define STDC_HEADERS 1
| #define HAVE_EPOLL 1
| #define HAVE_SENDFILE 1
| #define HAVE_SYS_RANDOM 1
| #define HAVE_LINUX_NETFILTER_IPV4_H 1
| #define USE_INET6 1
| #define USE_CRC32 1
| #define USE_MD5 1
| #define USE_SHA1 1
| #define USE_SHA2 1
| #define USE_WHIRL 1
| #define USE_JH 1
| #define HAVE_LIBC 1
| #define HAVE_UNSHARE 1
| #define HAVE_LIBC 1
| #define HAVE_SETNS 1
| /* end confdefs.h.  */
| #include <ac_nonexistent.h>
configure:5710: checking for egrep -e
configure:5840: result: /bin/grep -E
configure:5847: checking for openssl/crypto.h
configure:5847: gcc -c -g -O2 -fPIC  conftest.c >&5
configure:5847: $? = 0
configure:5847: result: yes
configure:5853: checking for openssl/ssl.h
configure:5853: gcc -c -g -O2 -fPIC  conftest.c >&5
configure:5853: $? = 0
configure:5853: result: yes
configure:5860: checking for EVP_CIPHER_CTX_init in -lcrypto
configure:5889: gcc -o conftest -g -O2 -fPIC   conftest.c -lcrypto  -lc -lc  >&5
configure:5889: $? = 0
configure:5901: result: yes
configure:5972: checking for SSL_library_init in -lssl
configure:6001: gcc -o conftest -g -O2 -fPIC   conftest.c -lssl  -lcrypto -lc -lc  >&5
configure:6001: $? = 0
configure:6013: result: yes
configure:6089: checking for OpenSSL_add_all_algorithms
configure:6089: gcc -o conftest -g -O2 -fPIC   conftest.c -lssl -lcrypto -lc -lc  >&5
/usr/lib/gcc/i486-pc-linux-gnu/8.3.0/../../../../i486-pc-linux-gnu/bin/ld: /tmp/cc0921Fz.o: in function `main':
/home/colum/work/sommelier/libUseful-bundled/conftest.c:84: undefined reference to `OpenSSL_add_all_algorithms'
collect2: error: ld returned 1 exit status
configure:6089: $? = 1
configure: failed program was:
| /* confdefs.h */
| #define PACKAGE_NAME "libUseful"
| #define PACKAGE_TARNAME "libuseful"
| #define PACKAGE_VERSION "5.74"
| #define PACKAGE_STRING "libUseful 5.74"
| #define PACKAGE_BUGREPORT "colums.projects@gmail.com"
| #define PACKAGE_URL ""
| #define _FILE_OFFSET_BITS 64
| #define HAVE_GET_CURR_DIR 1
| #define HAVE_GETLOADAVG 1
| #define HAVE_SYSINFO 1
| #define HAVE_SYSCONF 1
| #define HAVE_GETPAGESIZE 1
| #define HAVE_PTSNAME_R 1
| #define HAVE_CLEARENV 1
| #define HAVE_SETRESUID 1
| #define HAVE_INITGROUPS 1
| #define HAVE_MLOCK 1
| #define HAVE_MLOCKALL 1
| #define HAVE_MUNLOCKALL 1
| #define HAVE_MADVISE 1
| #define HAVE_MKOSTEMP 1
| #define HAVE_MOUNT 1
| #define HAVE_UMOUNT 1
| #define HAVE_UMOUNT2 1
| #define HAVE_GETENTROPY 1
| #define USE_STRLEN_CACHE 1
| #define HAVE_POLL 1
| #define HAVE_STDIO_H 1
| #define HAVE_STDLIB_H 1
| #define HAVE_STRING_H 1
| #define HAVE_INTTYPES_H 1
| #define HAVE_STDINT_H 1
| #define HAVE_STRINGS_H 1
| #define HAVE_SYS_STAT_H 1
| #define HAVE_SYS_TYPES_H 1
| #define HAVE_UNISTD_H 1
| #define STDC_HEADERS 1
| #define HAVE_EPOLL 1
| #define HAVE_SENDFILE 1
| #define HAVE_SYS_RANDOM 1
| #define HAVE_LINUX_NETFILTER_IPV4_H 1
| #define USE_INET6 1
| #define USE_CRC32 1
| #define USE_MD5 1
| #define USE_SHA1 1
| #define USE_SHA2 1
| #define USE_WHIRL 1
| #define USE_JH 1
| #define HAVE_LIBC 1
| #define HAVE_UNSHARE 1
| #define HAVE_LIBC 1
| #define HAVE_SETNS 1
| #define HAVE_LIBCRYPTO 1
| #define HAVE_LIBSSL 1
| /* end confdefs.h.  */
| /* Define OpenSSL_add_all_algorithms to an innocuous variant, in case <limits.h> declares OpenSSL_add_all_algorithms.
|    For example, HP-UX 11i <limits.h> declares gettimeofday.  */
| #define OpenSSL_add_all_algorithms innocuous_OpenSSL_add_all_algorithms
| 
| /* System header to define __stub macros and hopefully few prototypes,
|    which can conflict with char OpenSSL_add_all_algorithms (void); below.  */
| 
| #include <limits.h>
| #undef OpenSSL_add_all_algorithms
| 
| /* Override any GCC internal prototype to avoid an error.
|    Use char because int might match the return type of a GCC
|    builtin and then its argument prototype would still apply.  */
| #ifdef __cplusplus
| extern "C"
| #endif
| char OpenSSL_add_all_algorithms (void);
| /* The GNU C library defines this for functions which it implements
|     to always fail with ENOSYS.  Some functions are actually named
|     something starting with __ and the normal name is an alias.  */
| #if defined __stub_OpenSSL_add_all_algorithms || defined __stub___OpenSSL_add_all_algorithms
| choke me
| #endif
| 
| int
| main (void)
| {
| return OpenSSL_add_all_algorithms ();
|   ;
|   return 0;
| }
configure:6089: result: no
configure:6095: checking for EVP_MD_CTX_create
configure:6095: gcc -o conftest -g -O2 -fPIC   conftest.c -lssl -lcrypto -lc -lc  >&5
configure:6095: $? = 0
configure:6095: result: yes
configure:6101: checking for EVP_MD_CTX_new
configure:6101: gcc -o conftest -g -O2 -fPIC   conftest.c -lssl -lcrypto -lc -lc  >&5
configure:6101: $? = 0
configure:6101: result: yes
configure:6107: checking for EVP_MD_CTX_destroy
configure:6107: gcc -o conftest -g -O2 -fPIC   conftest.c -lssl -lcrypto -lc -lc  >&5
configure:6107: $? = 0
configure:6107: result: yes
configure:6113: checking for EVP_MD_CTX_free
configure:6113: gcc -o conftest -g -O2 -fPIC   conftest.c -lssl -lcrypto -lc -lc  >&5
configure:6113: $? = 0
configure:6113: result: yes
configure:6119: checking for X509_check_host
configure:6119: gcc -o conftest -g -O2 -fPIC   conftest.c -lssl -lcrypto -lc -lc  >&5
configure:6119: $? = 0
configure:6119: result: yes
configure:6125: checking for SSL_set_tlsext_host_name
configure:6125: gcc -o conftest -g -O2 -fPIC   conftest.c -lssl -lcrypto -lc -lc  >&5
/usr/lib/gcc/i486-pc-linux-gnu/8.3.0/../../../../i486-pc-linux-gnu/bin/ld: /tmp/cc4g1f4j.o: in function `main':
/home/colum/work/sommelier/libUseful-bundled/conftest.c:89: undefined reference to `SSL_set_tlsext_host_name'
collect2: error: ld returned 1 exit status
configure:6125: $? = 1
configure: failed program was:
| /* confdefs.h */
| #define PACKAGE_NAME "libUseful"
| #define PACKAGE_TARNAME "libuseful"
| #define PACKAGE_VERSION "5.74"
| #define PACKAGE_STRING "libUseful 5.74"
| #define PACKAGE_BUGREPORT "colums.projects@gmail.com"
| #define PACKAGE_URL ""
| #define _FILE_OFFSET_BITS 64
| #define HAVE_GET_CURR_DIR 1
| #define HAVE_GETLOADAVG 1
| #define HAVE_SYSINFO 1
| #define HAVE_SYSCONF 1
| #define HAVE_GETPAGESIZE 1
| #define HAVE_PTSNAME_R 1
| #define HAVE_CLEARENV 1
| #define HAVE_SETRESUID 1
| #define HAVE_INITGROUPS 1
| #define HAVE_MLOCK 1
| #define HAVE_MLOCKALL 1
| #define HAVE_MUNLOCKALL 1
| #define HAVE_MADVISE 1
| #define HAVE_MKOSTEMP 1
| #define HAVE_MOUNT 1
| #define HAVE_UMOUNT 1
| #define HAVE_UMOUNT2 1
| #define HAVE_GETENTROPY 1
| #define USE_STRLEN_CACHE 1
| #define HAVE_POLL 1
| #define HAVE_STDIO_H 1
| #define HAVE_STDLIB_H 1
| #define HAVE_STRING_H 1
| #define HAVE_INTTYPES_H 1
| #define HAVE_STDINT_H 1
| #define HAVE_STRINGS_H 1
| #define HAVE_SYS_STAT_H 1
| #define HAVE_SYS_TYPES_H 1
| #define HAVE_UNISTD_H 1
| #define STDC_HEADERS 1
| #define HAVE_EPOLL 1
| #define HAVE_SENDFILE 1
| #define HAVE_SYS_RANDOM 1
| #define HAVE_LINUX_NETFILTER_IPV4_H 1
| #define USE_INET6 1
| #define USE_CRC32 1
| #define USE_MD5 1
| #define USE_SHA1 1
| #define USE_SHA2 1
| #define USE_WHIRL 1
| #define USE_JH 1
| #define HAVE_LIBC 1
| #define HAVE_UNSHARE 1
| #define HAVE_LIBC 1
| #define HAVE_SETNS 1
| #define HAVE_LIBCRYPTO 1
| #define HAVE_LIBSSL 1
| #define HAVE_EVP_MD_CTX_CREATE 1
| #define HAVE_EVP_MD_CTX_NEW 1
| #define HAVE_EVP_MD_CTX_DESTROY 1
| #define HAVE_EVP_MD_CTX_FREE 1
| #define HAVE_X509_CHECK_HOST 1
| /* end confdefs.h.  */
| /* Define SSL_set_tlsext_host_name to an innocuous variant, in case <limits.h> declares SSL_set_tlsext_host_name.
|    For example, HP-UX 11i <limits.h> declares gettimeofday.  */
| #define SSL_set_tlsext_host_name innocuous_SSL_set_tlsext_host_name
| 
| /* System header to define __stub macros and hopefully few prototypes,
|    which can conflict with char SSL_set_tlsext_host_name (void); below.  */
| 
| #include <limits.h>
| #undef SSL_set_tlsext_host_name
| 
| /* Override any GCC internal prototype to avoid an error.
|    Use char because int might match the return type of a GCC
|    builtin and then its argument prototype would still apply.  */
| #ifdef __cplusplus
| extern "C"
| #endif
| char SSL_set_tlsext_host_name (void);
| /* The GNU C library defines this for functions which it implements
|     to always fail with ENOSYS.  Some functions are actually named
|     something starting with __ and the normal name is an alias.  */
| #if defined __stub_SSL_set_tlsext_host_name || defined __stub___SSL_set_tlsext_host_name
| choke me
| #endif
| 
| int
| main (void)
| {
| return SSL_set_tlsext_host_name ();
|   ;
|   return 0;
| }
configure:6125: result: no
configure:6131: checking for SSL_set_min_proto_version
configure:6131: gcc -o conftest -g -O2 -fPIC   conftest.c -lssl -lcrypto -lc -lc  >&5
configure:6131: $? = 0
configure:6131: result: yes
configure:6137: checking for EVP_CIPHER_fetch
configure:6137: gcc -o conftest -g -O2 -fPIC   conftest.c -lssl -lcrypto -lc -lc  >&5
/usr/lib/gcc/i486-pc-linux-gnu/8.3.0/../../../../i486-pc-linux-gnu/bin/ld: /tmp/ccWOm7HG.o: in function `main':
/home/colum/work/sommelier/libUseful-bundled/conftest.c:90: undefined reference to `EVP_CIPHER_fetch'
collect2: error: ld returned 1 exit status
configure:6137: $? = 1
configure: failed program was:
| /* confdefs.h */
| #define PACKAGE_NAME "libUseful"
| #define PACKAGE_TARNAME "libuseful"
| #define PACKAGE_VERSION "5.74"
| #define PACKAGE_STRING "libUseful 5.74"
| #define PACKAGE_BUGREPORT "colums.projects@gmail.com"
| #define PACKAGE_URL ""
| #define _FILE_OFFSET_BITS 64
| #define HAVE_GET_CURR_DIR 1
| #define HAVE_GETLOADAVG 1
| #define HAVE_SYSINFO 1
| #define HAVE_SYSCONF 1
| #define HAVE_GETPAGESIZE 1
| #define HAVE_PTSNAME_R 1
| #define HAVE_CLEARENV 1
| #define HAVE_SETRESUID 1
| #define HAVE_INITGROUPS 1
| #define HAVE_MLOCK 1
| #define HAVE_MLOCKALL 1
| #define HAVE_MUNLOCKALL 1
| #define HAVE_MADVISE 1
| #define HAVE_MKOSTEMP 1
| #define HAVE_MOUNT 1
| #define HAVE_UMOUNT 1
| #define HAVE_UMOUNT2 1
| #define HAVE_GETENTROPY 1
| #define USE_STRLEN_CACHE 1
| #define HAVE_POLL 1
| #define HAVE_STDIO_H 1
| #define HAVE_STDLIB_H 1
| #define HAVE_STRING_H 1
| #define HAVE_INTTYPES_H 1
| #define HAVE_STDINT_H 1
| #define HAVE_STRINGS_H 1
| #define HAVE_SYS_STAT_H 1
| #define HAVE_SYS_TYPES_H 1
| #define HAVE_UNISTD_H 1
| #define STDC_HEADERS 1
| #define HAVE_EPOLL 1
| #define HAVE_SENDFILE 1
| #define HAVE_SYS_RANDOM 1
| #define HAVE_LINUX_NETFILTER_IPV4_H 1
| #define USE_INET6 1
| #define USE_CRC32 1
| #define USE_MD5 1
| #define USE_SHA1 1
| #define USE_SHA2 1
| #define USE_WHIRL 1
| #define USE_JH 1
| #define HAVE_LIBC 1
| #define HAVE_UNSHARE 1
| #define HAVE_LIBC 1
| #define HAVE_SETNS 1
| #define HAVE_LIBCRYPTO 1
| #define HAVE_LIBSSL 1
| #define HAVE_EVP_MD_CTX_CREATE 1
| #define HAVE_EVP_MD_CTX_NEW 1
| #define HAVE_EVP_MD_CTX_DESTROY 1
| #define HAVE_EVP_MD_CTX_FREE 1
| #define HAVE_X509_CHECK_HOST 1
| #define HAVE_SSL_SET_MIN_PROTO_VERSION 1
| /* end confdefs.h.  */
| /* Define EVP_CIPHER_fetch to an innocuous variant, in case <limits.h> declares EVP_CIPHER_fetch.
|    For example, HP-UX 11i <limits.h> declares gettimeofday.  */
| #define EVP_CIPHER_fetch innocuous_EVP_CIPHER_fetch
| 
| /* System header to define __stub macros and hopefully few prototypes,
|    which can conflict with char EVP_CIPHER_fetch (void); below.  */
| 
| #include <limits.h>
| #undef EVP_CIPHER_fetch
| 
| /* Override any GCC internal prototype to avoid an error.
|    Use char because int might match the return type of a GCC
|    builtin and then its argument prototype would still apply.  */
| #ifdef __cplusplus
| extern "C"
| #endif
| char EVP_CIPHER_fetch (void);
| /* The GNU C library defines this for functions which it implements
|     to always fail with ENOSYS.  Some functions are actually named
|     something starting with __ and the normal name is an alias.  */
| #if defined __stub_EVP_CIPHER_fetch || defined __stub___EVP_CIPHER_fetch
| choke me
| #endif
| 
| int
| main (void)
| {
| return EVP_CIPHER_fetch ();
|   ;
|   return 0;
| }
configure:6137: result: no
configure:6143: checking for X509_get0_notBefore
configure:6143: gcc -o conftest -g -O2 -fPIC   conftest.c -lssl -lcrypto -lc -lc  >&5
configure:6143: $? = 0
configure:6143: result: yes
configure:6149: checking for X509_get0_notAfter
configure:6149: gcc -o conftest -g -O2 -fPIC   conftest.c -lssl -lcrypto -lc -lc  >&5
configure:6149: $? = 0
configure:6149: result: yes
configure:6155: checking for EC_KEY_new_by_curve_name
configure:6155: gcc -o conftest -g -O2 -fPIC   conftest.c -lssl -lcrypto -lc -lc  >&5
configure:6155: $? = 0
configure:6155: result: yes
configure:6161: checking for DH_generate_parameters_ex
configure:6161: gcc -o conftest -g -O2 -fPIC   conftest.c -lssl -lcrypto -lc -lc  >&5
configure:6161: $? = 0
configure:6161: result: yes
configure:6167: checking for DH_new
configure:6167: gcc -o conftest -g -O2 -fPIC   conftest.c -lssl -lcrypto -lc -lc  >&5
configure:6167: $? = 0
configure:6167: result: yes
configure:6173: checking for PEM_read_DHparams
configure:6173: gcc -o conftest -g -O2 -fPIC   conftest.c -lssl -lcrypto -lc -lc  >&5
configure:6173: $? = 0
configure:6173: result: yes
configure:6182: checking whether OpenSSL_add_all_algorithms is declared
configure:6182: gcc -c -g -O2 -fPIC   conftest.c >&5
configure:6182: $? = 0
configure:6182: result: yes
configure:6198: checking whether SSL_set_tlsext_host_name is declared
configure:6198: gcc -c -g -O2 -fPIC   conftest.c >&5
configure:6198: $? = 0
configure:6198: result: yes
configure:6215: checking that OpenSSL Library is at least version 0.9.7
configure:6230: result: yes
configure:6263: checking for deflate in -lz
configure:6292: gcc -o conftest -g -O2 -fPIC   conftest.c -lz  -lssl -lcrypto -lc -lc  >&5
configure:6292: $? = 0
configure:6304: result: yes
configure:6354: checking for backtrace_symbols in -lc
configure:6383: gcc -o conftest -g -O2 -fPIC   conftest.c -lc  -lz -lssl -lcrypto -lc -lc  >&5
configure:6383: $? = 0
configure:6395: result: yes
configure:6516: checking for sys/prctl.h
configure:6516: gcc -c -g -O2 -fPIC  conftest.c >&5
configure:6516: $? = 0
configure:6516: result: yes
configure:6528: checking for prctl
configure:6528: gcc -o conftest -g -O2 -fPIC   conftest.c -lz -lssl -lcrypto -lc -lc  >&5
configure:6528: $? = 0
configure:6528: result: yes
configure:6559: checking for linux/seccomp.h
configure:6559: gcc -c -g -O2 -fPIC  conftest.c >&5
configure:6559: $? = 0
configure:6559: result: yes
configure:6568: checking for linux/filter.h
configure:6568: gcc -c -g -O2 -fPIC  conftest.c >&5
configure:6568: $? = 0
configure:6568: result: yes
configure:6577: checking for linux/bpf.h
configure:6577: gcc -c -g -O2 -fPIC  conftest.c >&5
configure:6577: $? = 0
configure:6577: result: yes
configure:6586: checking for prctl in -lc
configure:6615: gcc -o conftest -g -O2 -fPIC   conftest.c -lc  -lz -lssl -lcrypto -lc -lc  >&5
configure:6615: $? = 0
configure:6627: result: yes
configure:6642: checking if linux/bpf.h contains "BPF_JLT"
configure:6671: gcc -o conftest -g -O2 -fPIC   conftest.c -lc -lz -lssl -lcrypto -lc -lc  >&5
configure:6671: $? = 0
configure:6671: ./conftest
configure:6671: $? = 0
configure:6684: result: yes
configure:6866: creating ./config.status

## ---------------------- ##
## Running config.status. ##
## ---------------------- ##

This file was extended by libUseful config.status 5.74, which was
generated by GNU Autoconf 2.72.  Invocation command line was

  CONFIG_FILES    = 
  CONFIG_HEADERS  = 
  CONFIG_LINKS    = 
  CONFIG_COMMANDS = 
  $ ./config.status 

on beast

config.status:735: creating Makefile

## ---------------- ##
## Cache variables. ##
## ---------------- ##

ac_cv_c_compiler_gnu=yes
ac_cv_c_inline=inline
ac_cv_c_undeclared_builtin_options='none needed'
ac_cv_c_volatile=yes
ac_cv_env_CC_set=
ac_cv_env_CC_value=
ac_cv_env_CFLAGS_set=
ac_cv_env_CFLAGS_value=
ac_cv_env_CPPFLAGS_set=
ac_cv_env_CPPFLAGS_value=
ac_cv_env_CPP_set=
ac_cv_env_CPP_value=
ac_cv_env_LDFLAGS_set=
ac_cv_env_LDFLAGS_value=
ac_cv_env_LIBS_set=
ac_cv_env_LIBS_value=
ac_cv_env_build_alias_set=
ac_cv_env_build_alias_value=
ac_cv_env_host_alias_set=
ac_cv_env_host_alias_value=
ac_cv_env_target_alias_set=
ac_cv_env_target_alias_value=
ac_cv_func_DH_generate_parameters_ex=yes
ac_cv_func_DH_new=yes
ac_cv_func_EC_KEY_new_by_curve_name=yes
ac_cv_func_EVP_CIPHER_fetch=no
ac_cv_func_EVP_MD_CTX_create=yes
ac_cv_func_EVP_MD_CTX_destroy=yes
ac_cv_func_EVP_MD_CTX_free=yes
ac_cv_func_EVP_MD_CTX_new=yes
ac_cv_func_OpenSSL_add_all_algorithms=no
ac_cv_func_PEM_read_DHparams=yes
ac_cv_func_SSL_set_min_proto_version=yes
ac_cv_func_SSL_set_tlsext_host_name=no
ac_cv_func_X509_check_host=yes
ac_cv_func_X509_get0_notAfter=yes
ac_cv_func_X509_get0_notBefore=yes
ac_cv_func_clearenv=yes
ac_cv_func_epoll_create1=yes
ac_cv_func_getentropy=yes
ac_cv_func_getloadavg=yes
ac_cv_func_getpagesize=yes
ac_cv_func_htonll=no
ac_cv_func_initgroups=yes
ac_cv_func_madvise=yes
ac_cv_func_mkostemp=yes
ac_cv_func_mlock=yes
ac_cv_func_mlockall=yes
ac_cv_func_mount=yes
ac_cv_func_munlockall=yes
ac_cv_func_ntohll=no
ac_cv_func_poll=yes
ac_cv_func_prctl=yes
ac_cv_func_ptsname_r=yes
ac_cv_func_sendfile=yes
ac_cv_func_setresuid=yes
ac_cv_func_sysconf=yes
ac_cv_func_sysinfo=yes
ac_cv_func_umount2=yes
ac_cv_func_umount=yes
ac_cv_have_decl_OpenSSL_add_all_algorithms=yes
ac_cv_have_decl_SSL_set_tlsext_host_name=yes
ac_cv_header_inttypes_h=yes
ac_cv_header_linux_bpf_h=yes
ac_cv_header_linux_filter_h=yes
ac_cv_header_linux_netfilter_ipv4_h=yes
ac_cv_header_linux_seccomp_h=yes
ac_cv_header_openssl_crypto_h=yes
ac_cv_header_openssl_ssl_h=yes
ac_cv_header_stdint_h=yes
ac_cv_header_stdio_h=yes
ac_cv_header_stdlib_h=yes
ac_cv_header_string_h=yes
ac_cv_header_strings_h=yes
ac_cv_header_sys_epoll_h=yes
ac_cv_header_sys_prctl_h=yes
ac_cv_header_sys_random_h=yes
ac_cv_header_sys_sendfile_h=yes
ac_cv_header_sys_stat_h=yes
ac_cv_header_sys_types_h=yes
ac_cv_header_unistd_h=yes
ac_cv_lib_c_backtrace_symbols=yes
ac_cv_lib_c_get_current_dir_name=yes
ac_cv_lib_c_prctl=yes
ac_cv_lib_c_setns=yes
ac_cv_lib_c_unshare=yes
ac_cv_lib_crypto_EVP_CIPHER_CTX_init=yes
ac_cv_lib_ssl_SSL_library_init=yes
ac_cv_lib_z_deflate=yes
ac_cv_objext=o
ac_cv_path_EGREP='/bin/grep -E'
ac_cv_path_EGREP_TRADITIONAL='/bin/grep -E'
ac_cv_path_GREP=/bin/grep
ac_cv_prog_CPP='gcc -E'
ac_cv_prog_ac_ct_AR=ar
ac_cv_prog_ac_ct_CC=gcc
ac_cv_prog_cc_c11=
ac_cv_prog_cc_g=yes
ac_cv_prog_cc_stdc=
ac_cv_prog_make_make_set=yes
ac_cv_sys_largefile_opts=-D_FILE_OFFSET_BITS=64

## ----------------- ##
## Output variables. ##
## ----------------- ##

AR='ar'
BACKTRACE_CFLAGS='-rdynamic'
CC='gcc'
CFLAGS='-g -O2 -fPIC'
CPP='gcc -E'
CPPFLAGS=''
DEFS='-DPACKAGE_NAME=\"libUseful\" -DPACKAGE_TARNAME=\"libuseful\" -DPACKAGE_VERSION=\"5.74\" -DPACKAGE_STRING=\"libUseful\ 5.74\" -DPACKAGE_BUGREPORT=\"colums.projects@gmail.com\" -DPACKAGE_URL=\"\" -D_FILE_OFFSET_BITS=64 -DHAVE_GET_CURR_DIR=1 -DHAVE_GETLOADAVG=1 -DHAVE_SYSINFO=1 -DHAVE_SYSCONF=1 -DHAVE_GETPAGESIZE=1 -DHAVE_PTSNAME_R=1 -DHAVE_CLEARENV=1 -DHAVE_SETRESUID=1 -DHAVE_INITGROUPS=1 -DHAVE_MLOCK=1 -DHAVE_MLOCKALL=1 -DHAVE_MUNLOCKALL=1 -DHAVE_MADVISE=1 -DHAVE_MKOSTEMP=1 -DHAVE_MOUNT=1 -DHAVE_UMOUNT=1 -DHAVE_UMOUNT2=1 -DHAVE_GETENTROPY=1 -DUSE_STRLEN_CACHE=1 -DHAVE_POLL=1 -DHAVE_STDIO_H=1 -DHAVE_STDLIB_H=1 -DHAVE_STRING_H=1 -DHAVE_INTTYPES_H=1 -DHAVE_STDINT_H=1 -DHAVE_STRINGS_H=1 -DHAVE_SYS_STAT_H=1 -DHAVE_SYS_TYPES_H=1 -DHAVE_UNISTD_H=1 -DSTDC_HEADERS=1 -DHAVE_EPOLL=1 -DHAVE_SENDFILE=1 -DHAVE_SYS_RANDOM=1 -DHAVE_LINUX_NETFILTER_IPV4_H=1 -DUSE_INET6=1 -DUSE_CRC32=1 -DUSE_MD5=1 -DUSE_SHA1=1 -DUSE_SHA2=1 -DUSE_WHIRL=1 -DUSE_JH=1 -DHAVE_LIBC=1 -DHAVE_UNSHARE=1 -DHAVE_LIBC=1 -DHAVE_SETNS=1 -DHAVE_LIBCRYPTO=1 -DHAVE_LIBSSL=1 -DHAVE_EVP_MD_CTX_CREATE=1 -DHAVE_EVP_MD_CTX_NEW=1 -DHAVE_EVP_MD_CTX_DESTROY=1 -DHAVE_EVP_MD_CTX_FREE=1 -DHAVE_X509_CHECK_HOST=1 -DHAVE_SSL_SET_MIN_PROTO_VERSION=1 -DHAVE_X509_GET0_NOTBEFORE=1 -DHAVE_X509_GET0_NOTAFTER=1 -DHAVE_EC_KEY_NEW_BY_CURVE_NAME=1 -DHAVE_DH_GENERATE_PARAMETERS_EX=1 -DHAVE_DH_NEW=1 -DHAVE_PEM_READ_DHPARAMS=1 -DHAVE_DECL_OPENSSL_ADD_ALL_ALGORITHMS=1 -DHAVE_OPENSSL_ADD_ALL_ALGORITHMS=1 -DHAVE_DECL_SSL_SET_TLSEXT_HOST_NAME=1 -DHAVE_SSL_SET_TLSEXT_HOST_NAME=1 -DHAVE_LIBZ=1 -DHAVE_BACKTRACE=1 -DHAVE_PRCTL=1 -DHAVE_LIBC=1 -DUSE_SECCOMP=1'
ECHO_C=''
ECHO_N='-n'
ECHO_T=''
EGREP='/bin/grep -E'
EXEEXT=''
GREP='/bin/grep'
LDFLAGS=''
LIBOBJS=''
LIBS='-lc -lz -lssl -lcrypto -lc -lc '
LICENSE='GPLv3'
LN='ln'
LTLIBOBJS=''
OBJEXT='o'
PACKAGE_BUGREPORT='colums.projects@gmail.com'
PACKAGE_NAME='libUseful'
PACKAGE_STRING='libUseful 5.74'
PACKAGE_TARNAME='libuseful'
PACKAGE_URL=''
PACKAGE_VERSION='5.74'
PATH_SEPARATOR=':'
SET_MAKE=''
SHELL='/bin/sh'
SIMD_CFLAGS=''
SONAME_FLAGS='-Wl,${LINKER_SONAME_OPTION},${SONAME}'
ac_ct_CC='gcc'
bindir='${exec_prefix}/bin'
build_alias=''
datadir='${datarootdir}'
datarootdir='${prefix}/share'
docdir='${datarootdir}/doc/${PACKAGE_TARNAME}'
dvidir='${docdir}'
exec_prefix='${prefix}'
host_alias=''
htmldir='${docdir}'
includedir='${prefix}/include'
infodir='${datarootdir}/info'
libdir='${exec_prefix}/lib'
libexecdir='${exec_prefix}/libexec'
localedir='${datarootdir}/locale'
localstatedir='${prefix}/var'
mandir='${datarootdir}/man'
oldincludedir='/usr/include'
pdfdir='${docdir}'
prefix='/usr/local'
program_transform_name='s,x,x,'
psdir='${docdir}'
runstatedir='${localstatedir}/run'
sbindir='${exec_prefix}/sbin'
sharedstatedir='${prefix}/com'
sysconfdir='${prefix}/etc'
target_alias=''

## ----------- ##
## confdefs.h. ##
## ----------- ##

/* confdefs.h */
#define PACKAGE_NAME "libUseful"
#define PACKAGE_TARNAME "libuseful"
#define PACKAGE_VERSION "5.74"
#define PACKAGE_STRING "libUseful 5.74"
#define PACKAGE_BUGREPORT "colums.projects@gmail.com"
#define PACKAGE_URL ""
#define _FILE_OFFSET_BITS 64
#define HAVE_GET_CURR_DIR 1
#define HAVE_GETLOADAVG 1
#define HAVE_SYSINFO 1
#define HAVE_SYSCONF 1
#define HAVE_GETPAGESIZE 1
#define HAVE_PTSNAME_R 1
#define HAVE_CLEARENV 1
#define HAVE_SETRESUID 1
#define HAVE_INITGROUPS 1
#define HAVE_MLOCK 1
#define HAVE_MLOCKALL 1
#define HAVE_MUNLOCKALL 1
#define HAVE_MADVISE 1
#define HAVE_MKOSTEMP 1
#define HAVE_MOUNT 1
#define HAVE_UMOUNT 1
#define HAVE_UMOUNT2 1
#define HAVE_GETENTROPY 1
#define USE_STRLEN_CACHE 1
#define HAVE_POLL 1
#define HAVE_STDIO_H 1
#define HAVE_STDLIB_H 1
#define HAVE_STRING_H 1
#define HAVE_INTTYPES_H 1
#define HAVE_STDINT_H 1
#define HAVE_STRINGS_H 1
#define HAVE_SYS_STAT_H 1
#define HAVE_SYS_TYPES_H 1
#define HAVE_UNISTD_H 1
#define STDC_HEADERS 1
#define HAVE_EPOLL 1
#define HAVE_SENDFILE 1
#define HAVE_SYS_RANDOM 1
#define HAVE_LINUX_NETFILTER_IPV4_H 1
#define USE_INET6 1
#define USE_CRC32 1
#define USE_MD5 1
#define USE_SHA1 1
#define USE_SHA2 1
#define USE_WHIRL 1
#define USE_JH 1
#define HAVE_LIBC 1
#define HAVE_UNSHARE 1
#define HAVE_LIBC 1
#define HAVE_SETNS 1
#define HAVE_LIBCRYPTO 1
#define HAVE_LIBSSL 1
#define HAVE_EVP_MD_CTX_CREATE 1
#define HAVE_EVP_MD_CTX_NEW 1
#define HAVE_EVP_MD_CTX_DESTROY 1
#define HAVE_EVP_MD_CTX_FREE 1
#define HAVE_X509_CHECK_HOST 1
#define HAVE_SSL_SET_MIN_PROTO_VERSION 1
#define HAVE_X509_GET0_NOTBEFORE 1
#define HAVE_X509_GET0_NOTAFTER 1
#define HAVE_EC_KEY_NEW_BY_CURVE_NAME 1
#define HAVE_DH_GENERATE_PARAMETERS_EX 1
#define HAVE_DH_NEW 1
#define HAVE_PEM_READ_DHPARAMS 1
#define HAVE_DECL_OPENSSL_ADD_ALL_ALGORITHMS 1
#define HAVE_OPENSSL_ADD_ALL_ALGORITHMS 1
#define HAVE_DECL_SSL_SET_TLSEXT_HOST_NAME 1
#define HAVE_SSL_SET_TLSEXT_HOST_NAME 1
#define HAVE_LIBZ 1
#define HAVE_BACKTRACE 1
#define HAVE_PRCTL 1
#define HAVE_LIBC 1
#define USE_SECCOMP 1

configure: exit 0
