This file contains any messages produced by compilers while
running configure, to aid debugging if configure makes a mistake.

It was created by configure, which was
generated by GNU Autoconf 2.69.  Invocation command line was

  $ ./configure --disable-option-checking --prefix=/usr/local --cache-file=/dev/null --srcdir=.

## --------- ##
## Platform. ##
## --------- ##

hostname = devuan
uname -m = x86_64
uname -r = 6.1.0-10-amd64
uname -s = Linux
uname -v = #1 SMP PREEMPT_DYNAMIC Debian 6.1.38-1 (2023-07-14)

/usr/bin/uname -p = unknown
/bin/uname -X     = unknown

/bin/arch              = unknown
/usr/bin/arch -k       = unknown
/usr/convex/getsysinfo = unknown
/usr/bin/hostinfo      = unknown
/bin/machine           = unknown
/usr/bin/oslevel       = unknown
/bin/universe          = unknown

PATH: /home/user1/bin
PATH: /usr/prebin
PATH: /home/user1/bin
PATH: /usr/local/bin
PATH: /usr/bin
PATH: /bin
PATH: /usr/local/games
PATH: /usr/games


## ----------- ##
## Core tests. ##
## ----------- ##

configure:2211: checking for gcc
configure:2227: found /usr/bin/gcc
configure:2238: result: gcc
configure:2467: checking for C compiler version
configure:2476: gcc --version >&5
gcc (Debian 12.2.0-14) 12.2.0
Copyright (C) 2022 Free Software Foundation, Inc.
This is free software; see the source for copying conditions.  There is NO
warranty; not even for MERCHANTABILITY or FITNESS FOR A PARTICULAR PURPOSE.

configure:2487: $? = 0
configure:2476: gcc -v >&5
Using built-in specs.
COLLECT_GCC=gcc
COLLECT_LTO_WRAPPER=/usr/lib/gcc/x86_64-linux-gnu/12/lto-wrapper
OFFLOAD_TARGET_NAMES=nvptx-none:amdgcn-amdhsa
OFFLOAD_TARGET_DEFAULT=1
Target: x86_64-linux-gnu
Configured with: ../src/configure -v --with-pkgversion='Debian 12.2.0-14' --with-bugurl=file:///usr/share/doc/gcc-12/README.Bugs --enable-languages=c,ada,c++,go,d,fortran,objc,obj-c++,m2 --prefix=/usr --with-gcc-major-version-only --program-suffix=-12 --program-prefix=x86_64-linux-gnu- --enable-shared --enable-linker-build-id --libexecdir=/usr/lib --without-included-gettext --enable-threads=posix --libdir=/usr/lib --enable-nls --enable-clocale=gnu --enable-libstdcxx-debug --enable-libstdcxx-time=yes --with-default-libstdcxx-abi=new --enable-gnu-unique-object --disable-vtable-verify --enable-plugin --enable-default-pie --with-system-zlib --enable-libphobos-checking=release --with-target-system-zlib=auto --enable-objc-gc=auto --enable-multiarch --disable-werror --enable-cet --with-arch-32=i686 --with-abi=m64 --with-multilib-list=m32,m64,mx32 --enable-multilib --with-tune=generic --enable-offload-targets=nvptx-none=/build/gcc-12-bTRWOB/gcc-12-12.2.0/debian/tmp-nvptx/usr,amdgcn-amdhsa=/build/gcc-12-bTRWOB/gcc-12-12.2.0/debian/tmp-gcn/usr --enable-offload-defaulted --without-cuda-driver --enable-checking=release --build=x86_64-linux-gnu --host=x86_64-linux-gnu --target=x86_64-linux-gnu
Thread model: posix
Supported LTO compression algorithms: zlib zstd
gcc version 12.2.0 (Debian 12.2.0-14) 
... rest of stderr output deleted ...
configure:2487: $? = 0
configure:2476: gcc -V >&5
gcc: error: unrecognized command-line option '-V'
gcc: fatal error: no input files
compilation terminated.
configure:2487: $? = 1
configure:2476: gcc -qversion >&5
gcc: error: unrecognized command-line option '-qversion'; did you mean '--version'?
gcc: fatal error: no input files
compilation terminated.
configure:2487: $? = 1
configure:2507: checking whether the C compiler works
configure:2529: gcc    conftest.c  >&5
configure:2533: $? = 0
configure:2581: result: yes
configure:2584: checking for C compiler default output file name
configure:2586: result: a.out
configure:2592: checking for suffix of executables
configure:2599: gcc -o conftest    conftest.c  >&5
configure:2603: $? = 0
configure:2625: result: 
configure:2647: checking whether we are cross compiling
configure:2655: gcc -o conftest    conftest.c  >&5
configure:2659: $? = 0
configure:2666: ./conftest
configure:2670: $? = 0
configure:2685: result: no
configure:2690: checking for suffix of object files
configure:2712: gcc -c   conftest.c >&5
configure:2716: $? = 0
configure:2737: result: o
configure:2741: checking whether we are using the GNU C compiler
configure:2760: gcc -c   conftest.c >&5
configure:2760: $? = 0
configure:2769: result: yes
configure:2778: checking whether gcc accepts -g
configure:2798: gcc -c -g  conftest.c >&5
configure:2798: $? = 0
configure:2839: result: yes
configure:2856: checking for gcc option to accept ISO C89
configure:2919: gcc  -c -g -O2  conftest.c >&5
configure:2919: $? = 0
configure:2932: result: none needed
configure:2958: checking whether make sets $(MAKE)
configure:2980: result: yes
configure:2989: checking for grep that handles long lines and -e
configure:3047: result: /bin/grep
configure:3052: checking for egrep
configure:3114: result: /bin/grep -E
configure:3127: checking for special C compiler options needed for large files
configure:3172: result: no
configure:3178: checking for _FILE_OFFSET_BITS value needed for large files
configure:3203: gcc -c -g -O2  conftest.c >&5
configure:3203: $? = 0
configure:3235: result: no
configure:3423: checking for get_current_dir_name in -lc
configure:3448: gcc -o conftest -g -O2   conftest.c -lc   >&5
configure:3448: $? = 0
configure:3457: result: yes
configure:3479: checking for ptsname_r
configure:3479: gcc -o conftest -g -O2   conftest.c -lc  >&5
configure:3479: $? = 0
configure:3479: result: yes
configure:3479: checking for clearenv
configure:3479: gcc -o conftest -g -O2   conftest.c -lc  >&5
configure:3479: $? = 0
configure:3479: result: yes
configure:3479: checking for setresuid
configure:3479: gcc -o conftest -g -O2   conftest.c -lc  >&5
configure:3479: $? = 0
configure:3479: result: yes
configure:3479: checking for initgroups
configure:3479: gcc -o conftest -g -O2   conftest.c -lc  >&5
configure:3479: $? = 0
configure:3479: result: yes
configure:3479: checking for poll
configure:3479: gcc -o conftest -g -O2   conftest.c -lc  >&5
configure:3479: $? = 0
configure:3479: result: yes
configure:3479: checking for mlock
configure:3479: gcc -o conftest -g -O2   conftest.c -lc  >&5
configure:3479: $? = 0
configure:3479: result: yes
configure:3479: checking for mlockall
configure:3479: gcc -o conftest -g -O2   conftest.c -lc  >&5
configure:3479: $? = 0
configure:3479: result: yes
configure:3479: checking for munlockall
configure:3479: gcc -o conftest -g -O2   conftest.c -lc  >&5
configure:3479: $? = 0
configure:3479: result: yes
configure:3479: checking for madvise
configure:3479: gcc -o conftest -g -O2   conftest.c -lc  >&5
configure:3479: $? = 0
configure:3479: result: yes
configure:3479: checking for htonll
configure:3479: gcc -o conftest -g -O2   conftest.c -lc  >&5
/usr/bin/ld: /tmp/cctzqLQb.o: in function `main':
/home/user1/work/sommelier/libUseful-5/conftest.c:54: undefined reference to `htonll'
collect2: error: ld returned 1 exit status
configure:3479: $? = 1
configure: failed program was:
| /* confdefs.h */
| #define PACKAGE_NAME ""
| #define PACKAGE_TARNAME ""
| #define PACKAGE_VERSION ""
| #define PACKAGE_STRING ""
| #define PACKAGE_BUGREPORT ""
| #define PACKAGE_URL ""
| #define HAVE_LIBC 1
| #define HAVE_GET_CURR_DIR 1
| #define HAVE_PTSNAME_R 1
| #define HAVE_CLEARENV 1
| #define HAVE_SETRESUID 1
| #define HAVE_INITGROUPS 1
| #define HAVE_POLL 1
| #define HAVE_MLOCK 1
| #define HAVE_MLOCKALL 1
| #define HAVE_MUNLOCKALL 1
| #define HAVE_MADVISE 1
| /* end confdefs.h.  */
| /* Define htonll to an innocuous variant, in case <limits.h> declares htonll.
|    For example, HP-UX 11i <limits.h> declares gettimeofday.  */
| #define htonll innocuous_htonll
| 
| /* System header to define __stub macros and hopefully few prototypes,
|     which can conflict with char htonll (); below.
|     Prefer <limits.h> to <assert.h> if __STDC__ is defined, since
|     <limits.h> exists even on freestanding compilers.  */
| 
| #ifdef __STDC__
| # include <limits.h>
| #else
| # include <assert.h>
| #endif
| 
| #undef htonll
| 
| /* Override any GCC internal prototype to avoid an error.
|    Use char because int might match the return type of a GCC
|    builtin and then its argument prototype would still apply.  */
| #ifdef __cplusplus
| extern "C"
| #endif
| char htonll ();
| /* The GNU C library defines this for functions which it implements
|     to always fail with ENOSYS.  Some functions are actually named
|     something starting with __ and the normal name is an alias.  */
| #if defined __stub_htonll || defined __stub___htonll
| choke me
| #endif
| 
| int
| main ()
| {
| return htonll ();
|   ;
|   return 0;
| }
configure:3479: result: no
configure:3479: checking for ntohll
configure:3479: gcc -o conftest -g -O2   conftest.c -lc  >&5
/usr/bin/ld: /tmp/ccsyTZDM.o: in function `main':
/home/user1/work/sommelier/libUseful-5/conftest.c:54: undefined reference to `ntohll'
collect2: error: ld returned 1 exit status
configure:3479: $? = 1
configure: failed program was:
| /* confdefs.h */
| #define PACKAGE_NAME ""
| #define PACKAGE_TARNAME ""
| #define PACKAGE_VERSION ""
| #define PACKAGE_STRING ""
| #define PACKAGE_BUGREPORT ""
| #define PACKAGE_URL ""
| #define HAVE_LIBC 1
| #define HAVE_GET_CURR_DIR 1
| #define HAVE_PTSNAME_R 1
| #define HAVE_CLEARENV 1
| #define HAVE_SETRESUID 1
| #define HAVE_INITGROUPS 1
| #define HAVE_POLL 1
| #define HAVE_MLOCK 1
| #define HAVE_MLOCKALL 1
| #define HAVE_MUNLOCKALL 1
| #define HAVE_MADVISE 1
| /* end confdefs.h.  */
| /* Define ntohll to an innocuous variant, in case <limits.h> declares ntohll.
|    For example, HP-UX 11i <limits.h> declares gettimeofday.  */
| #define ntohll innocuous_ntohll
| 
| /* System header to define __stub macros and hopefully few prototypes,
|     which can conflict with char ntohll (); below.
|     Prefer <limits.h> to <assert.h> if __STDC__ is defined, since
|     <limits.h> exists even on freestanding compilers.  */
| 
| #ifdef __STDC__
| # include <limits.h>
| #else
| # include <assert.h>
| #endif
| 
| #undef ntohll
| 
| /* Override any GCC internal prototype to avoid an error.
|    Use char because int might match the return type of a GCC
|    builtin and then its argument prototype would still apply.  */
| #ifdef __cplusplus
| extern "C"
| #endif
| char ntohll ();
| /* The GNU C library defines this for functions which it implements
|     to always fail with ENOSYS.  Some functions are actually named
|     something starting with __ and the normal name is an alias.  */
| #if defined __stub_ntohll || defined __stub___ntohll
| choke me
| #endif
| 
| int
| main ()
| {
| return ntohll ();
|   ;
|   return 0;
| }
configure:3479: result: no
configure:3479: checking for mkostemp
configure:3479: gcc -o conftest -g -O2   conftest.c -lc  >&5
configure:3479: $? = 0
configure:3479: result: yes
configure:3479: checking for mount
configure:3479: gcc -o conftest -g -O2   conftest.c -lc  >&5
configure:3479: $? = 0
configure:3479: result: yes
configure:3479: checking for umount
configure:3479: gcc -o conftest -g -O2   conftest.c -lc  >&5
configure:3479: $? = 0
configure:3479: result: yes
configure:3479: checking for umount2
configure:3479: gcc -o conftest -g -O2   conftest.c -lc  >&5
configure:3479: $? = 0
configure:3479: result: yes
configure:3479: checking for getentropy
configure:3479: gcc -o conftest -g -O2   conftest.c -lc  >&5
configure:3479: $? = 0
configure:3479: result: yes
configure:3479: checking for prctl
configure:3479: gcc -o conftest -g -O2   conftest.c -lc  >&5
configure:3479: $? = 0
configure:3479: result: yes
configure:3504: checking how to run the C preprocessor
configure:3535: gcc -E  conftest.c
configure:3535: $? = 0
configure:3549: gcc -E  conftest.c
conftest.c:26:10: fatal error: ac_nonexistent.h: No such file or directory
   26 | #include <ac_nonexistent.h>
      |          ^~~~~~~~~~~~~~~~~~
compilation terminated.
configure:3549: $? = 1
configure: failed program was:
| /* confdefs.h */
| #define PACKAGE_NAME ""
| #define PACKAGE_TARNAME ""
| #define PACKAGE_VERSION ""
| #define PACKAGE_STRING ""
| #define PACKAGE_BUGREPORT ""
| #define PACKAGE_URL ""
| #define HAVE_LIBC 1
| #define HAVE_GET_CURR_DIR 1
| #define HAVE_PTSNAME_R 1
| #define HAVE_CLEARENV 1
| #define HAVE_SETRESUID 1
| #define HAVE_INITGROUPS 1
| #define HAVE_POLL 1
| #define HAVE_MLOCK 1
| #define HAVE_MLOCKALL 1
| #define HAVE_MUNLOCKALL 1
| #define HAVE_MADVISE 1
| #define HAVE_MKOSTEMP 1
| #define HAVE_MOUNT 1
| #define HAVE_UMOUNT 1
| #define HAVE_UMOUNT2 1
| #define HAVE_GETENTROPY 1
| #define HAVE_PRCTL 1
| /* end confdefs.h.  */
| #include <ac_nonexistent.h>
configure:3574: result: gcc -E
configure:3594: gcc -E  conftest.c
configure:3594: $? = 0
configure:3608: gcc -E  conftest.c
conftest.c:26:10: fatal error: ac_nonexistent.h: No such file or directory
   26 | #include <ac_nonexistent.h>
      |          ^~~~~~~~~~~~~~~~~~
compilation terminated.
configure:3608: $? = 1
configure: failed program was:
| /* confdefs.h */
| #define PACKAGE_NAME ""
| #define PACKAGE_TARNAME ""
| #define PACKAGE_VERSION ""
| #define PACKAGE_STRING ""
| #define PACKAGE_BUGREPORT ""
| #define PACKAGE_URL ""
| #define HAVE_LIBC 1
| #define HAVE_GET_CURR_DIR 1
| #define HAVE_PTSNAME_R 1
| #define HAVE_CLEARENV 1
| #define HAVE_SETRESUID 1
| #define HAVE_INITGROUPS 1
| #define HAVE_POLL 1
| #define HAVE_MLOCK 1
| #define HAVE_MLOCKALL 1
| #define HAVE_MUNLOCKALL 1
| #define HAVE_MADVISE 1
| #define HAVE_MKOSTEMP 1
| #define HAVE_MOUNT 1
| #define HAVE_UMOUNT 1
| #define HAVE_UMOUNT2 1
| #define HAVE_GETENTROPY 1
| #define HAVE_PRCTL 1
| /* end confdefs.h.  */
| #include <ac_nonexistent.h>
configure:3637: checking for ANSI C header files
configure:3657: gcc -c -g -O2  conftest.c >&5
configure:3657: $? = 0
configure:3730: gcc -o conftest -g -O2   conftest.c -lc  >&5
configure:3730: $? = 0
configure:3730: ./conftest
configure:3730: $? = 0
configure:3741: result: yes
configure:3754: checking for sys/types.h
configure:3754: gcc -c -g -O2  conftest.c >&5
configure:3754: $? = 0
configure:3754: result: yes
configure:3754: checking for sys/stat.h
configure:3754: gcc -c -g -O2  conftest.c >&5
configure:3754: $? = 0
configure:3754: result: yes
configure:3754: checking for stdlib.h
configure:3754: gcc -c -g -O2  conftest.c >&5
configure:3754: $? = 0
configure:3754: result: yes
configure:3754: checking for string.h
configure:3754: gcc -c -g -O2  conftest.c >&5
configure:3754: $? = 0
configure:3754: result: yes
configure:3754: checking for memory.h
configure:3754: gcc -c -g -O2  conftest.c >&5
configure:3754: $? = 0
configure:3754: result: yes
configure:3754: checking for strings.h
configure:3754: gcc -c -g -O2  conftest.c >&5
configure:3754: $? = 0
configure:3754: result: yes
configure:3754: checking for inttypes.h
configure:3754: gcc -c -g -O2  conftest.c >&5
configure:3754: $? = 0
configure:3754: result: yes
configure:3754: checking for stdint.h
configure:3754: gcc -c -g -O2  conftest.c >&5
configure:3754: $? = 0
configure:3754: result: yes
configure:3754: checking for unistd.h
configure:3754: gcc -c -g -O2  conftest.c >&5
configure:3754: $? = 0
configure:3754: result: yes
configure:3766: checking sys/sendfile.h usability
configure:3766: gcc -c -g -O2  conftest.c >&5
configure:3766: $? = 0
configure:3766: result: yes
configure:3766: checking sys/sendfile.h presence
configure:3766: gcc -E  conftest.c
configure:3766: $? = 0
configure:3766: result: yes
configure:3766: checking for sys/sendfile.h
configure:3766: result: yes
configure:3776: checking for sendfile
configure:3776: gcc -o conftest -g -O2   conftest.c -lc  >&5
configure:3776: $? = 0
configure:3776: result: yes
configure:3811: checking for getxattr in -lc
configure:3836: gcc -o conftest -g -O2   conftest.c -lc  -lc  >&5
configure:3836: $? = 0
configure:3845: result: yes
configure:3899: checking for unshare in -lc
configure:3924: gcc -o conftest -g -O2   conftest.c -lc  -lc -lc  >&5
configure:3924: $? = 0
configure:3933: result: yes
configure:3951: checking for setns in -lc
configure:3976: gcc -o conftest -g -O2   conftest.c -lc  -lc -lc -lc  >&5
configure:3976: $? = 0
configure:3985: result: yes
configure:4017: checking openssl/crypto.h usability
configure:4017: gcc -c -g -O2  conftest.c >&5
configure:4017: $? = 0
configure:4017: result: yes
configure:4017: checking openssl/crypto.h presence
configure:4017: gcc -E  conftest.c
configure:4017: $? = 0
configure:4017: result: yes
configure:4017: checking for openssl/crypto.h
configure:4017: result: yes
configure:4023: checking openssl/ssl.h usability
configure:4023: gcc -c -g -O2  conftest.c >&5
configure:4023: $? = 0
configure:4023: result: yes
configure:4023: checking openssl/ssl.h presence
configure:4023: gcc -E  conftest.c
configure:4023: $? = 0
configure:4023: result: yes
configure:4023: checking for openssl/ssl.h
configure:4023: result: yes
configure:4038: checking for EVP_CIPHER_CTX_init in -lcrypto
configure:4063: gcc -o conftest -g -O2   conftest.c -lcrypto  -lc -lc -lc -lc  >&5
/usr/bin/ld: /tmp/ccqNn8NF.o: in function `main':
/home/user1/work/sommelier/libUseful-5/conftest.c:55: undefined reference to `EVP_CIPHER_CTX_init'
collect2: error: ld returned 1 exit status
configure:4063: $? = 1
configure: failed program was:
| /* confdefs.h */
| #define PACKAGE_NAME ""
| #define PACKAGE_TARNAME ""
| #define PACKAGE_VERSION ""
| #define PACKAGE_STRING ""
| #define PACKAGE_BUGREPORT ""
| #define PACKAGE_URL ""
| #define HAVE_LIBC 1
| #define HAVE_GET_CURR_DIR 1
| #define HAVE_PTSNAME_R 1
| #define HAVE_CLEARENV 1
| #define HAVE_SETRESUID 1
| #define HAVE_INITGROUPS 1
| #define HAVE_POLL 1
| #define HAVE_MLOCK 1
| #define HAVE_MLOCKALL 1
| #define HAVE_MUNLOCKALL 1
| #define HAVE_MADVISE 1
| #define HAVE_MKOSTEMP 1
| #define HAVE_MOUNT 1
| #define HAVE_UMOUNT 1
| #define HAVE_UMOUNT2 1
| #define HAVE_GETENTROPY 1
| #define HAVE_PRCTL 1
| #define STDC_HEADERS 1
| #define HAVE_SYS_TYPES_H 1
| #define HAVE_SYS_STAT_H 1
| #define HAVE_STDLIB_H 1
| #define HAVE_STRING_H 1
| #define HAVE_MEMORY_H 1
| #define HAVE_STRINGS_H 1
| #define HAVE_INTTYPES_H 1
| #define HAVE_STDINT_H 1
| #define HAVE_UNISTD_H 1
| #define HAVE_SENDFILE 1
| #define USE_INET6 1
| #define HAVE_LIBC 1
| #define HAVE_XATTR 1
| #define HAVE_LIBC 1
| #define HAVE_UNSHARE 1
| #define HAVE_LIBC 1
| #define HAVE_SETNS 1
| /* end confdefs.h.  */
| 
| /* Override any GCC internal prototype to avoid an error.
|    Use char because int might match the return type of a GCC
|    builtin and then its argument prototype would still apply.  */
| #ifdef __cplusplus
| extern "C"
| #endif
| char EVP_CIPHER_CTX_init ();
| int
| main ()
| {
| return EVP_CIPHER_CTX_init ();
|   ;
|   return 0;
| }
configure:4072: result: no
configure:4087: checking for EVP_CIPHER_CTX_new in -lcrypto
configure:4112: gcc -o conftest -g -O2   conftest.c -lcrypto  -lc -lc -lc -lc  >&5
configure:4112: $? = 0
configure:4121: result: yes
configure:4136: checking for SSL_library_init in -lssl
configure:4161: gcc -o conftest -g -O2   conftest.c -lssl  -lcrypto -lc -lc -lc -lc  >&5
/usr/bin/ld: /tmp/ccWVDdBi.o: in function `main':
/home/user1/work/sommelier/libUseful-5/conftest.c:56: undefined reference to `SSL_library_init'
collect2: error: ld returned 1 exit status
configure:4161: $? = 1
configure: failed program was:
| /* confdefs.h */
| #define PACKAGE_NAME ""
| #define PACKAGE_TARNAME ""
| #define PACKAGE_VERSION ""
| #define PACKAGE_STRING ""
| #define PACKAGE_BUGREPORT ""
| #define PACKAGE_URL ""
| #define HAVE_LIBC 1
| #define HAVE_GET_CURR_DIR 1
| #define HAVE_PTSNAME_R 1
| #define HAVE_CLEARENV 1
| #define HAVE_SETRESUID 1
| #define HAVE_INITGROUPS 1
| #define HAVE_POLL 1
| #define HAVE_MLOCK 1
| #define HAVE_MLOCKALL 1
| #define HAVE_MUNLOCKALL 1
| #define HAVE_MADVISE 1
| #define HAVE_MKOSTEMP 1
| #define HAVE_MOUNT 1
| #define HAVE_UMOUNT 1
| #define HAVE_UMOUNT2 1
| #define HAVE_GETENTROPY 1
| #define HAVE_PRCTL 1
| #define STDC_HEADERS 1
| #define HAVE_SYS_TYPES_H 1
| #define HAVE_SYS_STAT_H 1
| #define HAVE_STDLIB_H 1
| #define HAVE_STRING_H 1
| #define HAVE_MEMORY_H 1
| #define HAVE_STRINGS_H 1
| #define HAVE_INTTYPES_H 1
| #define HAVE_STDINT_H 1
| #define HAVE_UNISTD_H 1
| #define HAVE_SENDFILE 1
| #define USE_INET6 1
| #define HAVE_LIBC 1
| #define HAVE_XATTR 1
| #define HAVE_LIBC 1
| #define HAVE_UNSHARE 1
| #define HAVE_LIBC 1
| #define HAVE_SETNS 1
| #define HAVE_LIBCRYPTO 1
| /* end confdefs.h.  */
| 
| /* Override any GCC internal prototype to avoid an error.
|    Use char because int might match the return type of a GCC
|    builtin and then its argument prototype would still apply.  */
| #ifdef __cplusplus
| extern "C"
| #endif
| char SSL_library_init ();
| int
| main ()
| {
| return SSL_library_init ();
|   ;
|   return 0;
| }
configure:4170: result: no
configure:4185: checking for OPENSSL_init_ssl in -lssl
configure:4210: gcc -o conftest -g -O2   conftest.c -lssl  -lcrypto -lc -lc -lc -lc  >&5
configure:4210: $? = 0
configure:4219: result: yes
configure:4242: checking for OpenSSL_add_all_algorithms
configure:4242: gcc -o conftest -g -O2   conftest.c -lssl -lcrypto -lc -lc -lc -lc  >&5
/usr/bin/ld: /tmp/ccLSDUYM.o: in function `main':
/home/user1/work/sommelier/libUseful-5/conftest.c:80: undefined reference to `OpenSSL_add_all_algorithms'
collect2: error: ld returned 1 exit status
configure:4242: $? = 1
configure: failed program was:
| /* confdefs.h */
| #define PACKAGE_NAME ""
| #define PACKAGE_TARNAME ""
| #define PACKAGE_VERSION ""
| #define PACKAGE_STRING ""
| #define PACKAGE_BUGREPORT ""
| #define PACKAGE_URL ""
| #define HAVE_LIBC 1
| #define HAVE_GET_CURR_DIR 1
| #define HAVE_PTSNAME_R 1
| #define HAVE_CLEARENV 1
| #define HAVE_SETRESUID 1
| #define HAVE_INITGROUPS 1
| #define HAVE_POLL 1
| #define HAVE_MLOCK 1
| #define HAVE_MLOCKALL 1
| #define HAVE_MUNLOCKALL 1
| #define HAVE_MADVISE 1
| #define HAVE_MKOSTEMP 1
| #define HAVE_MOUNT 1
| #define HAVE_UMOUNT 1
| #define HAVE_UMOUNT2 1
| #define HAVE_GETENTROPY 1
| #define HAVE_PRCTL 1
| #define STDC_HEADERS 1
| #define HAVE_SYS_TYPES_H 1
| #define HAVE_SYS_STAT_H 1
| #define HAVE_STDLIB_H 1
| #define HAVE_STRING_H 1
| #define HAVE_MEMORY_H 1
| #define HAVE_STRINGS_H 1
| #define HAVE_INTTYPES_H 1
| #define HAVE_STDINT_H 1
| #define HAVE_UNISTD_H 1
| #define HAVE_SENDFILE 1
| #define USE_INET6 1
| #define HAVE_LIBC 1
| #define HAVE_XATTR 1
| #define HAVE_LIBC 1
| #define HAVE_UNSHARE 1
| #define HAVE_LIBC 1
| #define HAVE_SETNS 1
| #define HAVE_LIBCRYPTO 1
| #define HAVE_LIBSSL 1
| /* end confdefs.h.  */
| /* Define OpenSSL_add_all_algorithms to an innocuous variant, in case <limits.h> declares OpenSSL_add_all_algorithms.
|    For example, HP-UX 11i <limits.h> declares gettimeofday.  */
| #define OpenSSL_add_all_algorithms innocuous_OpenSSL_add_all_algorithms
| 
| /* System header to define __stub macros and hopefully few prototypes,
|     which can conflict with char OpenSSL_add_all_algorithms (); below.
|     Prefer <limits.h> to <assert.h> if __STDC__ is defined, since
|     <limits.h> exists even on freestanding compilers.  */
| 
| #ifdef __STDC__
| # include <limits.h>
| #else
| # include <assert.h>
| #endif
| 
| #undef OpenSSL_add_all_algorithms
| 
| /* Override any GCC internal prototype to avoid an error.
|    Use char because int might match the return type of a GCC
|    builtin and then its argument prototype would still apply.  */
| #ifdef __cplusplus
| extern "C"
| #endif
| char OpenSSL_add_all_algorithms ();
| /* The GNU C library defines this for functions which it implements
|     to always fail with ENOSYS.  Some functions are actually named
|     something starting with __ and the normal name is an alias.  */
| #if defined __stub_OpenSSL_add_all_algorithms || defined __stub___OpenSSL_add_all_algorithms
| choke me
| #endif
| 
| int
| main ()
| {
| return OpenSSL_add_all_algorithms ();
|   ;
|   return 0;
| }
configure:4242: result: no
configure:4242: checking for EVP_MD_CTX_create
configure:4242: gcc -o conftest -g -O2   conftest.c -lssl -lcrypto -lc -lc -lc -lc  >&5
/usr/bin/ld: /tmp/ccXpwwzb.o: in function `main':
/home/user1/work/sommelier/libUseful-5/conftest.c:80: undefined reference to `EVP_MD_CTX_create'
collect2: error: ld returned 1 exit status
configure:4242: $? = 1
configure: failed program was:
| /* confdefs.h */
| #define PACKAGE_NAME ""
| #define PACKAGE_TARNAME ""
| #define PACKAGE_VERSION ""
| #define PACKAGE_STRING ""
| #define PACKAGE_BUGREPORT ""
| #define PACKAGE_URL ""
| #define HAVE_LIBC 1
| #define HAVE_GET_CURR_DIR 1
| #define HAVE_PTSNAME_R 1
| #define HAVE_CLEARENV 1
| #define HAVE_SETRESUID 1
| #define HAVE_INITGROUPS 1
| #define HAVE_POLL 1
| #define HAVE_MLOCK 1
| #define HAVE_MLOCKALL 1
| #define HAVE_MUNLOCKALL 1
| #define HAVE_MADVISE 1
| #define HAVE_MKOSTEMP 1
| #define HAVE_MOUNT 1
| #define HAVE_UMOUNT 1
| #define HAVE_UMOUNT2 1
| #define HAVE_GETENTROPY 1
| #define HAVE_PRCTL 1
| #define STDC_HEADERS 1
| #define HAVE_SYS_TYPES_H 1
| #define HAVE_SYS_STAT_H 1
| #define HAVE_STDLIB_H 1
| #define HAVE_STRING_H 1
| #define HAVE_MEMORY_H 1
| #define HAVE_STRINGS_H 1
| #define HAVE_INTTYPES_H 1
| #define HAVE_STDINT_H 1
| #define HAVE_UNISTD_H 1
| #define HAVE_SENDFILE 1
| #define USE_INET6 1
| #define HAVE_LIBC 1
| #define HAVE_XATTR 1
| #define HAVE_LIBC 1
| #define HAVE_UNSHARE 1
| #define HAVE_LIBC 1
| #define HAVE_SETNS 1
| #define HAVE_LIBCRYPTO 1
| #define HAVE_LIBSSL 1
| /* end confdefs.h.  */
| /* Define EVP_MD_CTX_create to an innocuous variant, in case <limits.h> declares EVP_MD_CTX_create.
|    For example, HP-UX 11i <limits.h> declares gettimeofday.  */
| #define EVP_MD_CTX_create innocuous_EVP_MD_CTX_create
| 
| /* System header to define __stub macros and hopefully few prototypes,
|     which can conflict with char EVP_MD_CTX_create (); below.
|     Prefer <limits.h> to <assert.h> if __STDC__ is defined, since
|     <limits.h> exists even on freestanding compilers.  */
| 
| #ifdef __STDC__
| # include <limits.h>
| #else
| # include <assert.h>
| #endif
| 
| #undef EVP_MD_CTX_create
| 
| /* Override any GCC internal prototype to avoid an error.
|    Use char because int might match the return type of a GCC
|    builtin and then its argument prototype would still apply.  */
| #ifdef __cplusplus
| extern "C"
| #endif
| char EVP_MD_CTX_create ();
| /* The GNU C library defines this for functions which it implements
|     to always fail with ENOSYS.  Some functions are actually named
|     something starting with __ and the normal name is an alias.  */
| #if defined __stub_EVP_MD_CTX_create || defined __stub___EVP_MD_CTX_create
| choke me
| #endif
| 
| int
| main ()
| {
| return EVP_MD_CTX_create ();
|   ;
|   return 0;
| }
configure:4242: result: no
configure:4242: checking for EVP_MD_CTX_new
configure:4242: gcc -o conftest -g -O2   conftest.c -lssl -lcrypto -lc -lc -lc -lc  >&5
configure:4242: $? = 0
configure:4242: result: yes
configure:4242: checking for EVP_MD_CTX_destroy
configure:4242: gcc -o conftest -g -O2   conftest.c -lssl -lcrypto -lc -lc -lc -lc  >&5
/usr/bin/ld: /tmp/ccOrkdii.o: in function `main':
/home/user1/work/sommelier/libUseful-5/conftest.c:81: undefined reference to `EVP_MD_CTX_destroy'
collect2: error: ld returned 1 exit status
configure:4242: $? = 1
configure: failed program was:
| /* confdefs.h */
| #define PACKAGE_NAME ""
| #define PACKAGE_TARNAME ""
| #define PACKAGE_VERSION ""
| #define PACKAGE_STRING ""
| #define PACKAGE_BUGREPORT ""
| #define PACKAGE_URL ""
| #define HAVE_LIBC 1
| #define HAVE_GET_CURR_DIR 1
| #define HAVE_PTSNAME_R 1
| #define HAVE_CLEARENV 1
| #define HAVE_SETRESUID 1
| #define HAVE_INITGROUPS 1
| #define HAVE_POLL 1
| #define HAVE_MLOCK 1
| #define HAVE_MLOCKALL 1
| #define HAVE_MUNLOCKALL 1
| #define HAVE_MADVISE 1
| #define HAVE_MKOSTEMP 1
| #define HAVE_MOUNT 1
| #define HAVE_UMOUNT 1
| #define HAVE_UMOUNT2 1
| #define HAVE_GETENTROPY 1
| #define HAVE_PRCTL 1
| #define STDC_HEADERS 1
| #define HAVE_SYS_TYPES_H 1
| #define HAVE_SYS_STAT_H 1
| #define HAVE_STDLIB_H 1
| #define HAVE_STRING_H 1
| #define HAVE_MEMORY_H 1
| #define HAVE_STRINGS_H 1
| #define HAVE_INTTYPES_H 1
| #define HAVE_STDINT_H 1
| #define HAVE_UNISTD_H 1
| #define HAVE_SENDFILE 1
| #define USE_INET6 1
| #define HAVE_LIBC 1
| #define HAVE_XATTR 1
| #define HAVE_LIBC 1
| #define HAVE_UNSHARE 1
| #define HAVE_LIBC 1
| #define HAVE_SETNS 1
| #define HAVE_LIBCRYPTO 1
| #define HAVE_LIBSSL 1
| #define HAVE_EVP_MD_CTX_NEW 1
| /* end confdefs.h.  */
| /* Define EVP_MD_CTX_destroy to an innocuous variant, in case <limits.h> declares EVP_MD_CTX_destroy.
|    For example, HP-UX 11i <limits.h> declares gettimeofday.  */
| #define EVP_MD_CTX_destroy innocuous_EVP_MD_CTX_destroy
| 
| /* System header to define __stub macros and hopefully few prototypes,
|     which can conflict with char EVP_MD_CTX_destroy (); below.
|     Prefer <limits.h> to <assert.h> if __STDC__ is defined, since
|     <limits.h> exists even on freestanding compilers.  */
| 
| #ifdef __STDC__
| # include <limits.h>
| #else
| # include <assert.h>
| #endif
| 
| #undef EVP_MD_CTX_destroy
| 
| /* Override any GCC internal prototype to avoid an error.
|    Use char because int might match the return type of a GCC
|    builtin and then its argument prototype would still apply.  */
| #ifdef __cplusplus
| extern "C"
| #endif
| char EVP_MD_CTX_destroy ();
| /* The GNU C library defines this for functions which it implements
|     to always fail with ENOSYS.  Some functions are actually named
|     something starting with __ and the normal name is an alias.  */
| #if defined __stub_EVP_MD_CTX_destroy || defined __stub___EVP_MD_CTX_destroy
| choke me
| #endif
| 
| int
| main ()
| {
| return EVP_MD_CTX_destroy ();
|   ;
|   return 0;
| }
configure:4242: result: no
configure:4242: checking for EVP_MD_CTX_free
configure:4242: gcc -o conftest -g -O2   conftest.c -lssl -lcrypto -lc -lc -lc -lc  >&5
configure:4242: $? = 0
configure:4242: result: yes
configure:4242: checking for X509_check_host
configure:4242: gcc -o conftest -g -O2   conftest.c -lssl -lcrypto -lc -lc -lc -lc  >&5
configure:4242: $? = 0
configure:4242: result: yes
configure:4242: checking for SSL_set_tlsext_host_name
configure:4242: gcc -o conftest -g -O2   conftest.c -lssl -lcrypto -lc -lc -lc -lc  >&5
/usr/bin/ld: /tmp/ccyce5Zq.o: in function `main':
/home/user1/work/sommelier/libUseful-5/conftest.c:83: undefined reference to `SSL_set_tlsext_host_name'
collect2: error: ld returned 1 exit status
configure:4242: $? = 1
configure: failed program was:
| /* confdefs.h */
| #define PACKAGE_NAME ""
| #define PACKAGE_TARNAME ""
| #define PACKAGE_VERSION ""
| #define PACKAGE_STRING ""
| #define PACKAGE_BUGREPORT ""
| #define PACKAGE_URL ""
| #define HAVE_LIBC 1
| #define HAVE_GET_CURR_DIR 1
| #define HAVE_PTSNAME_R 1
| #define HAVE_CLEARENV 1
| #define HAVE_SETRESUID 1
| #define HAVE_INITGROUPS 1
| #define HAVE_POLL 1
| #define HAVE_MLOCK 1
| #define HAVE_MLOCKALL 1
| #define HAVE_MUNLOCKALL 1
| #define HAVE_MADVISE 1
| #define HAVE_MKOSTEMP 1
| #define HAVE_MOUNT 1
| #define HAVE_UMOUNT 1
| #define HAVE_UMOUNT2 1
| #define HAVE_GETENTROPY 1
| #define HAVE_PRCTL 1
| #define STDC_HEADERS 1
| #define HAVE_SYS_TYPES_H 1
| #define HAVE_SYS_STAT_H 1
| #define HAVE_STDLIB_H 1
| #define HAVE_STRING_H 1
| #define HAVE_MEMORY_H 1
| #define HAVE_STRINGS_H 1
| #define HAVE_INTTYPES_H 1
| #define HAVE_STDINT_H 1
| #define HAVE_UNISTD_H 1
| #define HAVE_SENDFILE 1
| #define USE_INET6 1
| #define HAVE_LIBC 1
| #define HAVE_XATTR 1
| #define HAVE_LIBC 1
| #define HAVE_UNSHARE 1
| #define HAVE_LIBC 1
| #define HAVE_SETNS 1
| #define HAVE_LIBCRYPTO 1
| #define HAVE_LIBSSL 1
| #define HAVE_EVP_MD_CTX_NEW 1
| #define HAVE_EVP_MD_CTX_FREE 1
| #define HAVE_X509_CHECK_HOST 1
| /* end confdefs.h.  */
| /* Define SSL_set_tlsext_host_name to an innocuous variant, in case <limits.h> declares SSL_set_tlsext_host_name.
|    For example, HP-UX 11i <limits.h> declares gettimeofday.  */
| #define SSL_set_tlsext_host_name innocuous_SSL_set_tlsext_host_name
| 
| /* System header to define __stub macros and hopefully few prototypes,
|     which can conflict with char SSL_set_tlsext_host_name (); below.
|     Prefer <limits.h> to <assert.h> if __STDC__ is defined, since
|     <limits.h> exists even on freestanding compilers.  */
| 
| #ifdef __STDC__
| # include <limits.h>
| #else
| # include <assert.h>
| #endif
| 
| #undef SSL_set_tlsext_host_name
| 
| /* Override any GCC internal prototype to avoid an error.
|    Use char because int might match the return type of a GCC
|    builtin and then its argument prototype would still apply.  */
| #ifdef __cplusplus
| extern "C"
| #endif
| char SSL_set_tlsext_host_name ();
| /* The GNU C library defines this for functions which it implements
|     to always fail with ENOSYS.  Some functions are actually named
|     something starting with __ and the normal name is an alias.  */
| #if defined __stub_SSL_set_tlsext_host_name || defined __stub___SSL_set_tlsext_host_name
| choke me
| #endif
| 
| int
| main ()
| {
| return SSL_set_tlsext_host_name ();
|   ;
|   return 0;
| }
configure:4242: result: no
configure:4242: checking for SSL_set_min_proto_version
configure:4242: gcc -o conftest -g -O2   conftest.c -lssl -lcrypto -lc -lc -lc -lc  >&5
/usr/bin/ld: /tmp/ccyQH4o6.o: in function `main':
/home/user1/work/sommelier/libUseful-5/conftest.c:83: undefined reference to `SSL_set_min_proto_version'
collect2: error: ld returned 1 exit status
configure:4242: $? = 1
configure: failed program was:
| /* confdefs.h */
| #define PACKAGE_NAME ""
| #define PACKAGE_TARNAME ""
| #define PACKAGE_VERSION ""
| #define PACKAGE_STRING ""
| #define PACKAGE_BUGREPORT ""
| #define PACKAGE_URL ""
| #define HAVE_LIBC 1
| #define HAVE_GET_CURR_DIR 1
| #define HAVE_PTSNAME_R 1
| #define HAVE_CLEARENV 1
| #define HAVE_SETRESUID 1
| #define HAVE_INITGROUPS 1
| #define HAVE_POLL 1
| #define HAVE_MLOCK 1
| #define HAVE_MLOCKALL 1
| #define HAVE_MUNLOCKALL 1
| #define HAVE_MADVISE 1
| #define HAVE_MKOSTEMP 1
| #define HAVE_MOUNT 1
| #define HAVE_UMOUNT 1
| #define HAVE_UMOUNT2 1
| #define HAVE_GETENTROPY 1
| #define HAVE_PRCTL 1
| #define STDC_HEADERS 1
| #define HAVE_SYS_TYPES_H 1
| #define HAVE_SYS_STAT_H 1
| #define HAVE_STDLIB_H 1
| #define HAVE_STRING_H 1
| #define HAVE_MEMORY_H 1
| #define HAVE_STRINGS_H 1
| #define HAVE_INTTYPES_H 1
| #define HAVE_STDINT_H 1
| #define HAVE_UNISTD_H 1
| #define HAVE_SENDFILE 1
| #define USE_INET6 1
| #define HAVE_LIBC 1
| #define HAVE_XATTR 1
| #define HAVE_LIBC 1
| #define HAVE_UNSHARE 1
| #define HAVE_LIBC 1
| #define HAVE_SETNS 1
| #define HAVE_LIBCRYPTO 1
| #define HAVE_LIBSSL 1
| #define HAVE_EVP_MD_CTX_NEW 1
| #define HAVE_EVP_MD_CTX_FREE 1
| #define HAVE_X509_CHECK_HOST 1
| /* end confdefs.h.  */
| /* Define SSL_set_min_proto_version to an innocuous variant, in case <limits.h> declares SSL_set_min_proto_version.
|    For example, HP-UX 11i <limits.h> declares gettimeofday.  */
| #define SSL_set_min_proto_version innocuous_SSL_set_min_proto_version
| 
| /* System header to define __stub macros and hopefully few prototypes,
|     which can conflict with char SSL_set_min_proto_version (); below.
|     Prefer <limits.h> to <assert.h> if __STDC__ is defined, since
|     <limits.h> exists even on freestanding compilers.  */
| 
| #ifdef __STDC__
| # include <limits.h>
| #else
| # include <assert.h>
| #endif
| 
| #undef SSL_set_min_proto_version
| 
| /* Override any GCC internal prototype to avoid an error.
|    Use char because int might match the return type of a GCC
|    builtin and then its argument prototype would still apply.  */
| #ifdef __cplusplus
| extern "C"
| #endif
| char SSL_set_min_proto_version ();
| /* The GNU C library defines this for functions which it implements
|     to always fail with ENOSYS.  Some functions are actually named
|     something starting with __ and the normal name is an alias.  */
| #if defined __stub_SSL_set_min_proto_version || defined __stub___SSL_set_min_proto_version
| choke me
| #endif
| 
| int
| main ()
| {
| return SSL_set_min_proto_version ();
|   ;
|   return 0;
| }
configure:4242: result: no
configure:4242: checking for EVP_CIPHER_fetch
configure:4242: gcc -o conftest -g -O2   conftest.c -lssl -lcrypto -lc -lc -lc -lc  >&5
configure:4242: $? = 0
configure:4242: result: yes
configure:4253: checking whether OpenSSL_add_all_algorithms is declared
configure:4253: gcc -c -g -O2  conftest.c >&5
configure:4253: $? = 0
configure:4253: result: yes
configure:4269: checking whether SSL_set_tlsext_host_name is declared
configure:4269: gcc -c -g -O2  conftest.c >&5
configure:4269: $? = 0
configure:4269: result: yes
configure:4286: checking that OpenSSL Library is at least version 0.9.7
configure:4300: result: yes
configure:4331: checking for deflate in -lz
configure:4356: gcc -o conftest -g -O2   conftest.c -lz  -lssl -lcrypto -lc -lc -lc -lc  >&5
configure:4356: $? = 0
configure:4365: result: yes
configure:4618: creating ./config.status

## ---------------------- ##
## Running config.status. ##
## ---------------------- ##

This file was extended by config.status, which was
generated by GNU Autoconf 2.69.  Invocation command line was

  CONFIG_FILES    = 
  CONFIG_HEADERS  = 
  CONFIG_LINKS    = 
  CONFIG_COMMANDS = 
  $ ./config.status 

on devuan

config.status:730: creating Makefile

## ---------------- ##
## Cache variables. ##
## ---------------- ##

ac_cv_c_compiler_gnu=yes
ac_cv_env_CC_set=
ac_cv_env_CC_value=
ac_cv_env_CFLAGS_set=
ac_cv_env_CFLAGS_value=
ac_cv_env_CPPFLAGS_set=
ac_cv_env_CPPFLAGS_value=
ac_cv_env_CPP_set=
ac_cv_env_CPP_value=
ac_cv_env_LDFLAGS_set=
ac_cv_env_LDFLAGS_value=
ac_cv_env_LIBS_set=
ac_cv_env_LIBS_value=
ac_cv_env_build_alias_set=
ac_cv_env_build_alias_value=
ac_cv_env_host_alias_set=
ac_cv_env_host_alias_value=
ac_cv_env_target_alias_set=
ac_cv_env_target_alias_value=
ac_cv_func_EVP_CIPHER_fetch=yes
ac_cv_func_EVP_MD_CTX_create=no
ac_cv_func_EVP_MD_CTX_destroy=no
ac_cv_func_EVP_MD_CTX_free=yes
ac_cv_func_EVP_MD_CTX_new=yes
ac_cv_func_OpenSSL_add_all_algorithms=no
ac_cv_func_SSL_set_min_proto_version=no
ac_cv_func_SSL_set_tlsext_host_name=no
ac_cv_func_X509_check_host=yes
ac_cv_func_clearenv=yes
ac_cv_func_getentropy=yes
ac_cv_func_htonll=no
ac_cv_func_initgroups=yes
ac_cv_func_madvise=yes
ac_cv_func_mkostemp=yes
ac_cv_func_mlock=yes
ac_cv_func_mlockall=yes
ac_cv_func_mount=yes
ac_cv_func_munlockall=yes
ac_cv_func_ntohll=no
ac_cv_func_poll=yes
ac_cv_func_prctl=yes
ac_cv_func_ptsname_r=yes
ac_cv_func_sendfile=yes
ac_cv_func_setresuid=yes
ac_cv_func_umount2=yes
ac_cv_func_umount=yes
ac_cv_have_decl_OpenSSL_add_all_algorithms=yes
ac_cv_have_decl_SSL_set_tlsext_host_name=yes
ac_cv_header_inttypes_h=yes
ac_cv_header_memory_h=yes
ac_cv_header_openssl_crypto_h=yes
ac_cv_header_openssl_ssl_h=yes
ac_cv_header_stdc=yes
ac_cv_header_stdint_h=yes
ac_cv_header_stdlib_h=yes
ac_cv_header_string_h=yes
ac_cv_header_strings_h=yes
ac_cv_header_sys_sendfile_h=yes
ac_cv_header_sys_stat_h=yes
ac_cv_header_sys_types_h=yes
ac_cv_header_unistd_h=yes
ac_cv_lib_c_get_current_dir_name=yes
ac_cv_lib_c_getxattr=yes
ac_cv_lib_c_setns=yes
ac_cv_lib_c_unshare=yes
ac_cv_lib_crypto_EVP_CIPHER_CTX_init=no
ac_cv_lib_crypto_EVP_CIPHER_CTX_new=yes
ac_cv_lib_ssl_OPENSSL_init_ssl=yes
ac_cv_lib_ssl_SSL_library_init=no
ac_cv_lib_z_deflate=yes
ac_cv_objext=o
ac_cv_path_EGREP='/bin/grep -E'
ac_cv_path_GREP=/bin/grep
ac_cv_prog_CPP='gcc -E'
ac_cv_prog_ac_ct_CC=gcc
ac_cv_prog_cc_c89=
ac_cv_prog_cc_g=yes
ac_cv_prog_make_make_set=yes
ac_cv_sys_file_offset_bits=no
ac_cv_sys_largefile_CC=no

## ----------------- ##
## Output variables. ##
## ----------------- ##

CC='gcc'
CFLAGS='-g -O2'
CPP='gcc -E'
CPPFLAGS=''
DEFS='-DPACKAGE_NAME=\"\" -DPACKAGE_TARNAME=\"\" -DPACKAGE_VERSION=\"\" -DPACKAGE_STRING=\"\" -DPACKAGE_BUGREPORT=\"\" -DPACKAGE_URL=\"\" -DHAVE_LIBC=1 -DHAVE_GET_CURR_DIR=1 -DHAVE_PTSNAME_R=1 -DHAVE_CLEARENV=1 -DHAVE_SETRESUID=1 -DHAVE_INITGROUPS=1 -DHAVE_POLL=1 -DHAVE_MLOCK=1 -DHAVE_MLOCKALL=1 -DHAVE_MUNLOCKALL=1 -DHAVE_MADVISE=1 -DHAVE_MKOSTEMP=1 -DHAVE_MOUNT=1 -DHAVE_UMOUNT=1 -DHAVE_UMOUNT2=1 -DHAVE_GETENTROPY=1 -DHAVE_PRCTL=1 -DSTDC_HEADERS=1 -DHAVE_SYS_TYPES_H=1 -DHAVE_SYS_STAT_H=1 -DHAVE_STDLIB_H=1 -DHAVE_STRING_H=1 -DHAVE_MEMORY_H=1 -DHAVE_STRINGS_H=1 -DHAVE_INTTYPES_H=1 -DHAVE_STDINT_H=1 -DHAVE_UNISTD_H=1 -DHAVE_SENDFILE=1 -DUSE_INET6=1 -DHAVE_LIBC=1 -DHAVE_XATTR=1 -DHAVE_LIBC=1 -DHAVE_UNSHARE=1 -DHAVE_LIBC=1 -DHAVE_SETNS=1 -DHAVE_LIBCRYPTO=1 -DHAVE_LIBSSL=1 -DHAVE_EVP_MD_CTX_NEW=1 -DHAVE_EVP_MD_CTX_FREE=1 -DHAVE_X509_CHECK_HOST=1 -DHAVE_EVP_CIPHER_FETCH=1 -DHAVE_DECL_OPENSSL_ADD_ALL_ALGORITHMS=1 -DHAVE_OPENSSL_ADD_ALL_ALGORITHMS=1 -DHAVE_DECL_SSL_SET_TLSEXT_HOST_NAME=1 -DHAVE_SSL_SET_TLSEXT_HOST_NAME=1 -DHAVE_LIBZ=1'
ECHO_C=''
ECHO_N='-n'
ECHO_T=''
EGREP='/bin/grep -E'
EXEEXT=''
GREP='/bin/grep'
LDFLAGS=''
LIBOBJS=''
LIBS='-lz -lssl -lcrypto -lc -lc -lc -lc '
LTLIBOBJS=''
OBJEXT='o'
PACKAGE_BUGREPORT=''
PACKAGE_NAME=''
PACKAGE_STRING=''
PACKAGE_TARNAME=''
PACKAGE_URL=''
PACKAGE_VERSION=''
PATH_SEPARATOR=':'
SET_MAKE=''
SHELL='/bin/bash'
SIMD_CFLAGS=''
SONAME_FLAGS='-Wl,-soname,${SONAME}'
ac_ct_CC='gcc'
bindir='${exec_prefix}/bin'
build_alias=''
datadir='${datarootdir}'
datarootdir='${prefix}/share'
docdir='${datarootdir}/doc/${PACKAGE}'
dvidir='${docdir}'
exec_prefix='${prefix}'
host_alias=''
htmldir='${docdir}'
includedir='${prefix}/include'
infodir='${datarootdir}/info'
libdir='${exec_prefix}/lib'
libexecdir='${exec_prefix}/libexec'
localedir='${datarootdir}/locale'
localstatedir='${prefix}/var'
mandir='${datarootdir}/man'
oldincludedir='/usr/include'
pdfdir='${docdir}'
prefix='/usr/local'
program_transform_name='s,x,x,'
psdir='${docdir}'
sbindir='${exec_prefix}/sbin'
sharedstatedir='${prefix}/com'
sysconfdir='${prefix}/etc'
target_alias=''

## ----------- ##
## confdefs.h. ##
## ----------- ##

/* confdefs.h */
#define PACKAGE_NAME ""
#define PACKAGE_TARNAME ""
#define PACKAGE_VERSION ""
#define PACKAGE_STRING ""
#define PACKAGE_BUGREPORT ""
#define PACKAGE_URL ""
#define HAVE_LIBC 1
#define HAVE_GET_CURR_DIR 1
#define HAVE_PTSNAME_R 1
#define HAVE_CLEARENV 1
#define HAVE_SETRESUID 1
#define HAVE_INITGROUPS 1
#define HAVE_POLL 1
#define HAVE_MLOCK 1
#define HAVE_MLOCKALL 1
#define HAVE_MUNLOCKALL 1
#define HAVE_MADVISE 1
#define HAVE_MKOSTEMP 1
#define HAVE_MOUNT 1
#define HAVE_UMOUNT 1
#define HAVE_UMOUNT2 1
#define HAVE_GETENTROPY 1
#define HAVE_PRCTL 1
#define STDC_HEADERS 1
#define HAVE_SYS_TYPES_H 1
#define HAVE_SYS_STAT_H 1
#define HAVE_STDLIB_H 1
#define HAVE_STRING_H 1
#define HAVE_MEMORY_H 1
#define HAVE_STRINGS_H 1
#define HAVE_INTTYPES_H 1
#define HAVE_STDINT_H 1
#define HAVE_UNISTD_H 1
#define HAVE_SENDFILE 1
#define USE_INET6 1
#define HAVE_LIBC 1
#define HAVE_XATTR 1
#define HAVE_LIBC 1
#define HAVE_UNSHARE 1
#define HAVE_LIBC 1
#define HAVE_SETNS 1
#define HAVE_LIBCRYPTO 1
#define HAVE_LIBSSL 1
#define HAVE_EVP_MD_CTX_NEW 1
#define HAVE_EVP_MD_CTX_FREE 1
#define HAVE_X509_CHECK_HOST 1
#define HAVE_EVP_CIPHER_FETCH 1
#define HAVE_DECL_OPENSSL_ADD_ALL_ALGORITHMS 1
#define HAVE_OPENSSL_ADD_ALL_ALGORITHMS 1
#define HAVE_DECL_SSL_SET_TLSEXT_HOST_NAME 1
#define HAVE_SSL_SET_TLSEXT_HOST_NAME 1
#define HAVE_LIBZ 1

configure: exit 0
