This file contains any messages produced by compilers while
running configure, to aid debugging if configure makes a mistake.

It was created by configure, which was
generated by GNU Autoconf 2.69.  Invocation command line was

  $ ./configure --disable-option-checking --prefix=/usr/local --enable-ssl --cache-file=/dev/null --srcdir=.

## --------- ##
## Platform. ##
## --------- ##

hostname = DEFAULT
uname -m = x86_64
uname -r = 5.6.5-64
uname -s = Linux
uname -v = #6 SMP Sun Apr 19 22:31:45 BST 2020

/usr/bin/uname -p = unknown
/bin/uname -X     = unknown

/bin/arch              = unknown
/usr/bin/arch -k       = unknown
/usr/convex/getsysinfo = unknown
/usr/bin/hostinfo      = unknown
/bin/machine           = unknown
/usr/bin/oslevel       = unknown
/bin/universe          = unknown

PATH: /usr/prebin
PATH: /usr/local/bin
PATH: /usr/bin
PATH: /usr/X11R7/bin
PATH: /bin
PATH: /usr/games/bin
PATH: .
PATH: /opt/Drawing/bin
PATH: /opt/GTK/bin
PATH: /opt/LibreCAD/bin
PATH: /opt/Paint3D/bin
PATH: /opt/Python-3.7.1/bin
PATH: /opt/Qt5/bin
PATH: /opt/SDL/bin
PATH: /opt/SDL2/bin
PATH: /opt/boinc_client-7.14.2/bin
PATH: /opt/brlcad-7.26.4/bin
PATH: /opt/clamav-0.100.1/bin
PATH: /opt/games/bin
PATH: /opt/gifprogs-5.1.2/bin
PATH: /opt/git-2.27.0/bin
PATH: /opt/graphviz-2.40.1/bin
PATH: /opt/graphviz-2.43.20200407.0324/bin
PATH: /opt/jpegprogs-9c/bin
PATH: /opt/lua-5.3.4/bin
PATH: /opt/luajid-2.0.4/bin
PATH: /opt/mujs-1.0.5/bin
PATH: /opt/netpbm-10.66.02/bin
PATH: /opt/opengl/bin
PATH: /opt/perl-5.24.1/bin
PATH: /opt/pngprogs-1.6.30/bin
PATH: /opt/qemu-3.1.0/bin
PATH: /opt/qemu-3.1.0_SDL/bin
PATH: /opt/sound-studio/bin
PATH: /opt/tcl-8.6.10/bin
PATH: /opt/tiffprogs-4.0.8/bin
PATH: /opt/wine-5.20/bin
PATH: /opt/xboinc_client-7.14.2/bin


## ----------- ##
## Core tests. ##
## ----------- ##

configure:2209: checking for gcc
configure:2225: found /usr/bin/gcc
configure:2236: result: gcc
configure:2465: checking for C compiler version
configure:2474: gcc --version >&5
gcc (GCC) 8.3.0
Copyright (C) 2018 Free Software Foundation, Inc.
This is free software; see the source for copying conditions.  There is NO
warranty; not even for MERCHANTABILITY or FITNESS FOR A PARTICULAR PURPOSE.

configure:2485: $? = 0
configure:2474: gcc -v >&5
Using built-in specs.
COLLECT_GCC=gcc
COLLECT_LTO_WRAPPER=/usr/libexec/gcc/i486-pc-linux-gnu/8.3.0/lto-wrapper
Target: i486-pc-linux-gnu
Configured with: ../gcc-8.3.0-src/configure --enable-languages=c,c++,go --disable-nls --disable-multilib --prefix=/usr --sysconfdir=/etc --includedir=/usr/include --localstatedir=/var --mandir=/usr/share/man --infodir=/usr/share/info --host=i486-pc-linux-gnu --build=i486-pc-linux-gnu --target=i486-pc-linux-gnu
Thread model: posix
gcc version 8.3.0 (GCC) 
configure:2485: $? = 0
configure:2474: gcc -V >&5
gcc: error: unrecognized command line option '-V'
gcc: fatal error: no input files
compilation terminated.
configure:2485: $? = 1
configure:2474: gcc -qversion >&5
gcc: error: unrecognized command line option '-qversion'; did you mean '--version'?
gcc: fatal error: no input files
compilation terminated.
configure:2485: $? = 1
configure:2505: checking whether the C compiler works
configure:2527: gcc    conftest.c  >&5
configure:2531: $? = 0
configure:2579: result: yes
configure:2582: checking for C compiler default output file name
configure:2584: result: a.out
configure:2590: checking for suffix of executables
configure:2597: gcc -o conftest    conftest.c  >&5
configure:2601: $? = 0
configure:2623: result: 
configure:2645: checking whether we are cross compiling
configure:2653: gcc -o conftest    conftest.c  >&5
configure:2657: $? = 0
configure:2664: ./conftest
configure:2668: $? = 0
configure:2683: result: no
configure:2688: checking for suffix of object files
configure:2710: gcc -c   conftest.c >&5
configure:2714: $? = 0
configure:2735: result: o
configure:2739: checking whether we are using the GNU C compiler
configure:2758: gcc -c   conftest.c >&5
configure:2758: $? = 0
configure:2767: result: yes
configure:2776: checking whether gcc accepts -g
configure:2796: gcc -c -g  conftest.c >&5
configure:2796: $? = 0
configure:2837: result: yes
configure:2854: checking for gcc option to accept ISO C89
configure:2917: gcc  -c -g -O2  conftest.c >&5
configure:2917: $? = 0
configure:2930: result: none needed
configure:2956: checking whether make sets $(MAKE)
configure:2978: result: yes
configure:2993: checking how to run the C preprocessor
configure:3024: gcc -E  conftest.c
configure:3024: $? = 0
configure:3038: gcc -E  conftest.c
conftest.c:9:10: fatal error: ac_nonexistent.h: No such file or directory
 #include <ac_nonexistent.h>
          ^~~~~~~~~~~~~~~~~~
compilation terminated.
configure:3038: $? = 1
configure: failed program was:
| /* confdefs.h */
| #define PACKAGE_NAME ""
| #define PACKAGE_TARNAME ""
| #define PACKAGE_VERSION ""
| #define PACKAGE_STRING ""
| #define PACKAGE_BUGREPORT ""
| #define PACKAGE_URL ""
| /* end confdefs.h.  */
| #include <ac_nonexistent.h>
configure:3063: result: gcc -E
configure:3083: gcc -E  conftest.c
configure:3083: $? = 0
configure:3097: gcc -E  conftest.c
conftest.c:9:10: fatal error: ac_nonexistent.h: No such file or directory
 #include <ac_nonexistent.h>
          ^~~~~~~~~~~~~~~~~~
compilation terminated.
configure:3097: $? = 1
configure: failed program was:
| /* confdefs.h */
| #define PACKAGE_NAME ""
| #define PACKAGE_TARNAME ""
| #define PACKAGE_VERSION ""
| #define PACKAGE_STRING ""
| #define PACKAGE_BUGREPORT ""
| #define PACKAGE_URL ""
| /* end confdefs.h.  */
| #include <ac_nonexistent.h>
configure:3126: checking for grep that handles long lines and -e
configure:3184: result: /bin/grep
configure:3189: checking for egrep
configure:3251: result: /bin/grep -E
configure:3256: checking for ANSI C header files
configure:3276: gcc -c -g -O2  conftest.c >&5
configure:3276: $? = 0
configure:3349: gcc -o conftest -g -O2   conftest.c  >&5
configure:3349: $? = 0
configure:3349: ./conftest
configure:3349: $? = 0
configure:3360: result: yes
configure:3375: checking for special C compiler options needed for large files
configure:3420: result: no
configure:3426: checking for _FILE_OFFSET_BITS value needed for large files
configure:3451: gcc -c -g -O2  conftest.c >&5
conftest.c:15:41: warning: result of '-2147483648 << 31' requires 63 bits to represent, but 'long int' only has 32 bits [-Wshift-overflow=]
 #define LARGE_OFF_T ((((off_t) 1 << 31) << 31) - 1 + (((off_t) 1 << 31) << 31))
                                         ^~
conftest.c:16:23: note: in expansion of macro 'LARGE_OFF_T'
   int off_t_is_large[(LARGE_OFF_T % 2147483629 == 721
                       ^~~~~~~~~~~
conftest.c:15:73: warning: result of '-2147483648 << 31' requires 63 bits to represent, but 'long int' only has 32 bits [-Wshift-overflow=]
 #define LARGE_OFF_T ((((off_t) 1 << 31) << 31) - 1 + (((off_t) 1 << 31) << 31))
                                                                         ^~
conftest.c:16:23: note: in expansion of macro 'LARGE_OFF_T'
   int off_t_is_large[(LARGE_OFF_T % 2147483629 == 721
                       ^~~~~~~~~~~
conftest.c:15:41: warning: result of '-2147483648 << 31' requires 63 bits to represent, but 'long int' only has 32 bits [-Wshift-overflow=]
 #define LARGE_OFF_T ((((off_t) 1 << 31) << 31) - 1 + (((off_t) 1 << 31) << 31))
                                         ^~
conftest.c:17:13: note: in expansion of macro 'LARGE_OFF_T'
          && LARGE_OFF_T % 2147483647 == 1)
             ^~~~~~~~~~~
conftest.c:15:73: warning: result of '-2147483648 << 31' requires 63 bits to represent, but 'long int' only has 32 bits [-Wshift-overflow=]
 #define LARGE_OFF_T ((((off_t) 1 << 31) << 31) - 1 + (((off_t) 1 << 31) << 31))
                                                                         ^~
conftest.c:17:13: note: in expansion of macro 'LARGE_OFF_T'
          && LARGE_OFF_T % 2147483647 == 1)
             ^~~~~~~~~~~
conftest.c:16:7: error: variably modified 'off_t_is_large' at file scope
   int off_t_is_large[(LARGE_OFF_T % 2147483629 == 721
       ^~~~~~~~~~~~~~
configure:3451: $? = 1
configure: failed program was:
| /* confdefs.h */
| #define PACKAGE_NAME ""
| #define PACKAGE_TARNAME ""
| #define PACKAGE_VERSION ""
| #define PACKAGE_STRING ""
| #define PACKAGE_BUGREPORT ""
| #define PACKAGE_URL ""
| #define STDC_HEADERS 1
| /* end confdefs.h.  */
| #include <sys/types.h>
|  /* Check that off_t can represent 2**63 - 1 correctly.
|     We can't simply define LARGE_OFF_T to be 9223372036854775807,
|     since some C++ compilers masquerading as C compilers
|     incorrectly reject 9223372036854775807.  */
| #define LARGE_OFF_T ((((off_t) 1 << 31) << 31) - 1 + (((off_t) 1 << 31) << 31))
|   int off_t_is_large[(LARGE_OFF_T % 2147483629 == 721
| 		       && LARGE_OFF_T % 2147483647 == 1)
| 		      ? 1 : -1];
| int
| main ()
| {
| 
|   ;
|   return 0;
| }
configure:3475: gcc -c -g -O2  conftest.c >&5
configure:3475: $? = 0
configure:3483: result: 64
configure:3582: checking for ptsname_r in -lc
configure:3607: gcc -o conftest -g -O2   conftest.c -lc   >&5
configure:3607: $? = 0
configure:3616: result: yes
configure:3634: checking for clearenv in -lc
configure:3659: gcc -o conftest -g -O2   conftest.c -lc  -lc  >&5
configure:3659: $? = 0
configure:3668: result: yes
configure:3686: checking for setresuid in -lc
configure:3711: gcc -o conftest -g -O2   conftest.c -lc  -lc -lc  >&5
configure:3711: $? = 0
configure:3720: result: yes
configure:3738: checking for get_current_dir_name in -lc
configure:3763: gcc -o conftest -g -O2   conftest.c -lc  -lc -lc -lc  >&5
configure:3763: $? = 0
configure:3772: result: yes
configure:3792: checking for umount2 in -lc
configure:3817: gcc -o conftest -g -O2   conftest.c -lc  -lc -lc -lc -lc  >&5
configure:3817: $? = 0
configure:3826: result: yes
configure:3844: checking for umount in -lc
configure:3869: gcc -o conftest -g -O2   conftest.c -lc  -lc -lc -lc -lc -lc  >&5
configure:3869: $? = 0
configure:3878: result: yes
configure:3896: checking for mkostemp in -lc
configure:3921: gcc -o conftest -g -O2   conftest.c -lc  -lc -lc -lc -lc -lc -lc  >&5
configure:3921: $? = 0
configure:3930: result: yes
configure:3948: checking for poll in -lc
configure:3973: gcc -o conftest -g -O2   conftest.c -lc  -lc -lc -lc -lc -lc -lc -lc  >&5
configure:3973: $? = 0
configure:3982: result: yes
configure:4299: checking openssl/crypto.h usability
configure:4299: gcc -c -g -O2  conftest.c >&5
configure:4299: $? = 0
configure:4299: result: yes
configure:4299: checking openssl/crypto.h presence
configure:4299: gcc -E  conftest.c
configure:4299: $? = 0
configure:4299: result: yes
configure:4299: checking for openssl/crypto.h
configure:4299: result: yes
configure:4305: checking openssl/ssl.h usability
configure:4305: gcc -c -g -O2  conftest.c >&5
configure:4305: $? = 0
configure:4305: result: yes
configure:4305: checking openssl/ssl.h presence
configure:4305: gcc -E  conftest.c
configure:4305: $? = 0
configure:4305: result: yes
configure:4305: checking for openssl/ssl.h
configure:4305: result: yes
configure:4320: checking for EVP_CIPHER_CTX_init in -lcrypto
configure:4345: gcc -o conftest -g -O2   conftest.c -lcrypto  -lc -lc -lc -lc -lc -lc -lc -lc  >&5
configure:4345: $? = 0
configure:4354: result: yes
configure:4418: checking for SSL_library_init in -lssl
configure:4443: gcc -o conftest -g -O2   conftest.c -lssl  -lcrypto -lc -lc -lc -lc -lc -lc -lc -lc  >&5
configure:4443: $? = 0
configure:4452: result: yes
configure:4518: checking for OpenSSL_add_all_algorithms
configure:4518: gcc -o conftest -g -O2   conftest.c -lssl -lcrypto -lc -lc -lc -lc -lc -lc -lc -lc  >&5
/usr/lib/gcc/i486-pc-linux-gnu/8.3.0/../../../../i486-pc-linux-gnu/bin/ld: /tmp/ccIF0Kjo.o: in function `main':
/home/colum/Sommelier/libUseful-4/conftest.c:63: undefined reference to `OpenSSL_add_all_algorithms'
collect2: error: ld returned 1 exit status
configure:4518: $? = 1
configure: failed program was:
| /* confdefs.h */
| #define PACKAGE_NAME ""
| #define PACKAGE_TARNAME ""
| #define PACKAGE_VERSION ""
| #define PACKAGE_STRING ""
| #define PACKAGE_BUGREPORT ""
| #define PACKAGE_URL ""
| #define STDC_HEADERS 1
| #define _FILE_OFFSET_BITS 64
| #define HAVE_LIBC 1
| #define HAVE_PTSNAME_R 1
| #define HAVE_LIBC 1
| #define HAVE_CLEARENV 1
| #define HAVE_LIBC 1
| #define HAVE_SETRESUID 1
| #define HAVE_LIBC 1
| #define HAVE_GET_CURR_DIR 1
| #define HAVE_LIBC 1
| #define HAVE_UMOUNT2 1
| #define HAVE_LIBC 1
| #define HAVE_UMOUNT 1
| #define HAVE_LIBC 1
| #define HAVE_MKOSTEMP 1
| #define HAVE_LIBC 1
| #define HAVE_POLL 1
| #define HAVE_LIBCRYPTO 1
| #define HAVE_LIBSSL 1
| /* end confdefs.h.  */
| /* Define OpenSSL_add_all_algorithms to an innocuous variant, in case <limits.h> declares OpenSSL_add_all_algorithms.
|    For example, HP-UX 11i <limits.h> declares gettimeofday.  */
| #define OpenSSL_add_all_algorithms innocuous_OpenSSL_add_all_algorithms
| 
| /* System header to define __stub macros and hopefully few prototypes,
|     which can conflict with char OpenSSL_add_all_algorithms (); below.
|     Prefer <limits.h> to <assert.h> if __STDC__ is defined, since
|     <limits.h> exists even on freestanding compilers.  */
| 
| #ifdef __STDC__
| # include <limits.h>
| #else
| # include <assert.h>
| #endif
| 
| #undef OpenSSL_add_all_algorithms
| 
| /* Override any GCC internal prototype to avoid an error.
|    Use char because int might match the return type of a GCC
|    builtin and then its argument prototype would still apply.  */
| #ifdef __cplusplus
| extern "C"
| #endif
| char OpenSSL_add_all_algorithms ();
| /* The GNU C library defines this for functions which it implements
|     to always fail with ENOSYS.  Some functions are actually named
|     something starting with __ and the normal name is an alias.  */
| #if defined __stub_OpenSSL_add_all_algorithms || defined __stub___OpenSSL_add_all_algorithms
| choke me
| #endif
| 
| int
| main ()
| {
| return OpenSSL_add_all_algorithms ();
|   ;
|   return 0;
| }
configure:4518: result: no
configure:4518: checking for EVP_bf_cbc
configure:4518: gcc -o conftest -g -O2   conftest.c -lssl -lcrypto -lc -lc -lc -lc -lc -lc -lc -lc  >&5
configure:4518: $? = 0
configure:4518: result: yes
configure:4518: checking for EVP_rc2_cbc
configure:4518: gcc -o conftest -g -O2   conftest.c -lssl -lcrypto -lc -lc -lc -lc -lc -lc -lc -lc  >&5
configure:4518: $? = 0
configure:4518: result: yes
configure:4518: checking for EVP_rc4
configure:4518: gcc -o conftest -g -O2   conftest.c -lssl -lcrypto -lc -lc -lc -lc -lc -lc -lc -lc  >&5
configure:4518: $? = 0
configure:4518: result: yes
configure:4518: checking for EVP_rc5_32_12_16_cbc
configure:4518: gcc -o conftest -g -O2   conftest.c -lssl -lcrypto -lc -lc -lc -lc -lc -lc -lc -lc  >&5
/usr/lib/gcc/i486-pc-linux-gnu/8.3.0/../../../../i486-pc-linux-gnu/bin/ld: /tmp/ccOwpcjG.o: in function `main':
/home/colum/Sommelier/libUseful-4/conftest.c:66: undefined reference to `EVP_rc5_32_12_16_cbc'
collect2: error: ld returned 1 exit status
configure:4518: $? = 1
configure: failed program was:
| /* confdefs.h */
| #define PACKAGE_NAME ""
| #define PACKAGE_TARNAME ""
| #define PACKAGE_VERSION ""
| #define PACKAGE_STRING ""
| #define PACKAGE_BUGREPORT ""
| #define PACKAGE_URL ""
| #define STDC_HEADERS 1
| #define _FILE_OFFSET_BITS 64
| #define HAVE_LIBC 1
| #define HAVE_PTSNAME_R 1
| #define HAVE_LIBC 1
| #define HAVE_CLEARENV 1
| #define HAVE_LIBC 1
| #define HAVE_SETRESUID 1
| #define HAVE_LIBC 1
| #define HAVE_GET_CURR_DIR 1
| #define HAVE_LIBC 1
| #define HAVE_UMOUNT2 1
| #define HAVE_LIBC 1
| #define HAVE_UMOUNT 1
| #define HAVE_LIBC 1
| #define HAVE_MKOSTEMP 1
| #define HAVE_LIBC 1
| #define HAVE_POLL 1
| #define HAVE_LIBCRYPTO 1
| #define HAVE_LIBSSL 1
| #define HAVE_EVP_BF_CBC 1
| #define HAVE_EVP_RC2_CBC 1
| #define HAVE_EVP_RC4 1
| /* end confdefs.h.  */
| /* Define EVP_rc5_32_12_16_cbc to an innocuous variant, in case <limits.h> declares EVP_rc5_32_12_16_cbc.
|    For example, HP-UX 11i <limits.h> declares gettimeofday.  */
| #define EVP_rc5_32_12_16_cbc innocuous_EVP_rc5_32_12_16_cbc
| 
| /* System header to define __stub macros and hopefully few prototypes,
|     which can conflict with char EVP_rc5_32_12_16_cbc (); below.
|     Prefer <limits.h> to <assert.h> if __STDC__ is defined, since
|     <limits.h> exists even on freestanding compilers.  */
| 
| #ifdef __STDC__
| # include <limits.h>
| #else
| # include <assert.h>
| #endif
| 
| #undef EVP_rc5_32_12_16_cbc
| 
| /* Override any GCC internal prototype to avoid an error.
|    Use char because int might match the return type of a GCC
|    builtin and then its argument prototype would still apply.  */
| #ifdef __cplusplus
| extern "C"
| #endif
| char EVP_rc5_32_12_16_cbc ();
| /* The GNU C library defines this for functions which it implements
|     to always fail with ENOSYS.  Some functions are actually named
|     something starting with __ and the normal name is an alias.  */
| #if defined __stub_EVP_rc5_32_12_16_cbc || defined __stub___EVP_rc5_32_12_16_cbc
| choke me
| #endif
| 
| int
| main ()
| {
| return EVP_rc5_32_12_16_cbc ();
|   ;
|   return 0;
| }
configure:4518: result: no
configure:4518: checking for EVP_des_cbc
configure:4518: gcc -o conftest -g -O2   conftest.c -lssl -lcrypto -lc -lc -lc -lc -lc -lc -lc -lc  >&5
configure:4518: $? = 0
configure:4518: result: yes
configure:4518: checking for EVP_desx_cbc
configure:4518: gcc -o conftest -g -O2   conftest.c -lssl -lcrypto -lc -lc -lc -lc -lc -lc -lc -lc  >&5
configure:4518: $? = 0
configure:4518: result: yes
configure:4518: checking for EVP_cast5_cbc
configure:4518: gcc -o conftest -g -O2   conftest.c -lssl -lcrypto -lc -lc -lc -lc -lc -lc -lc -lc  >&5
configure:4518: $? = 0
configure:4518: result: yes
configure:4518: checking for EVP_idea_cbc
configure:4518: gcc -o conftest -g -O2   conftest.c -lssl -lcrypto -lc -lc -lc -lc -lc -lc -lc -lc  >&5
configure:4518: $? = 0
configure:4518: result: yes
configure:4518: checking for EVP_aes_128_cbc
configure:4518: gcc -o conftest -g -O2   conftest.c -lssl -lcrypto -lc -lc -lc -lc -lc -lc -lc -lc  >&5
configure:4518: $? = 0
configure:4518: result: yes
configure:4518: checking for EVP_aes_256_cbc
configure:4518: gcc -o conftest -g -O2   conftest.c -lssl -lcrypto -lc -lc -lc -lc -lc -lc -lc -lc  >&5
configure:4518: $? = 0
configure:4518: result: yes
configure:4518: checking for X509_check_host
configure:4518: gcc -o conftest -g -O2   conftest.c -lssl -lcrypto -lc -lc -lc -lc -lc -lc -lc -lc  >&5
configure:4518: $? = 0
configure:4518: result: yes
configure:4518: checking for SSL_set_tlsext_host_name
configure:4518: gcc -o conftest -g -O2   conftest.c -lssl -lcrypto -lc -lc -lc -lc -lc -lc -lc -lc  >&5
/usr/lib/gcc/i486-pc-linux-gnu/8.3.0/../../../../i486-pc-linux-gnu/bin/ld: /tmp/cc0JOmmS.o: in function `main':
/home/colum/Sommelier/libUseful-4/conftest.c:73: undefined reference to `SSL_set_tlsext_host_name'
collect2: error: ld returned 1 exit status
configure:4518: $? = 1
configure: failed program was:
| /* confdefs.h */
| #define PACKAGE_NAME ""
| #define PACKAGE_TARNAME ""
| #define PACKAGE_VERSION ""
| #define PACKAGE_STRING ""
| #define PACKAGE_BUGREPORT ""
| #define PACKAGE_URL ""
| #define STDC_HEADERS 1
| #define _FILE_OFFSET_BITS 64
| #define HAVE_LIBC 1
| #define HAVE_PTSNAME_R 1
| #define HAVE_LIBC 1
| #define HAVE_CLEARENV 1
| #define HAVE_LIBC 1
| #define HAVE_SETRESUID 1
| #define HAVE_LIBC 1
| #define HAVE_GET_CURR_DIR 1
| #define HAVE_LIBC 1
| #define HAVE_UMOUNT2 1
| #define HAVE_LIBC 1
| #define HAVE_UMOUNT 1
| #define HAVE_LIBC 1
| #define HAVE_MKOSTEMP 1
| #define HAVE_LIBC 1
| #define HAVE_POLL 1
| #define HAVE_LIBCRYPTO 1
| #define HAVE_LIBSSL 1
| #define HAVE_EVP_BF_CBC 1
| #define HAVE_EVP_RC2_CBC 1
| #define HAVE_EVP_RC4 1
| #define HAVE_EVP_DES_CBC 1
| #define HAVE_EVP_DESX_CBC 1
| #define HAVE_EVP_CAST5_CBC 1
| #define HAVE_EVP_IDEA_CBC 1
| #define HAVE_EVP_AES_128_CBC 1
| #define HAVE_EVP_AES_256_CBC 1
| #define HAVE_X509_CHECK_HOST 1
| /* end confdefs.h.  */
| /* Define SSL_set_tlsext_host_name to an innocuous variant, in case <limits.h> declares SSL_set_tlsext_host_name.
|    For example, HP-UX 11i <limits.h> declares gettimeofday.  */
| #define SSL_set_tlsext_host_name innocuous_SSL_set_tlsext_host_name
| 
| /* System header to define __stub macros and hopefully few prototypes,
|     which can conflict with char SSL_set_tlsext_host_name (); below.
|     Prefer <limits.h> to <assert.h> if __STDC__ is defined, since
|     <limits.h> exists even on freestanding compilers.  */
| 
| #ifdef __STDC__
| # include <limits.h>
| #else
| # include <assert.h>
| #endif
| 
| #undef SSL_set_tlsext_host_name
| 
| /* Override any GCC internal prototype to avoid an error.
|    Use char because int might match the return type of a GCC
|    builtin and then its argument prototype would still apply.  */
| #ifdef __cplusplus
| extern "C"
| #endif
| char SSL_set_tlsext_host_name ();
| /* The GNU C library defines this for functions which it implements
|     to always fail with ENOSYS.  Some functions are actually named
|     something starting with __ and the normal name is an alias.  */
| #if defined __stub_SSL_set_tlsext_host_name || defined __stub___SSL_set_tlsext_host_name
| choke me
| #endif
| 
| int
| main ()
| {
| return SSL_set_tlsext_host_name ();
|   ;
|   return 0;
| }
configure:4518: result: no
configure:4529: checking whether OpenSSL_add_all_algorithms is declared
configure:4529: gcc -c -g -O2  conftest.c >&5
configure:4529: $? = 0
configure:4529: result: yes
configure:4545: checking whether SSL_set_tlsext_host_name is declared
configure:4545: gcc -c -g -O2  conftest.c >&5
configure:4545: $? = 0
configure:4545: result: yes
configure:4562: checking that OpenSSL Library is at least version 0.9.7
configure:4576: result: yes
configure:4838: creating ./config.status

## ---------------------- ##
## Running config.status. ##
## ---------------------- ##

This file was extended by config.status, which was
generated by GNU Autoconf 2.69.  Invocation command line was

  CONFIG_FILES    = 
  CONFIG_HEADERS  = 
  CONFIG_LINKS    = 
  CONFIG_COMMANDS = 
  $ ./config.status 

on DEFAULT

config.status:729: creating Makefile

## ---------------- ##
## Cache variables. ##
## ---------------- ##

ac_cv_c_compiler_gnu=yes
ac_cv_env_CC_set=
ac_cv_env_CC_value=
ac_cv_env_CFLAGS_set=
ac_cv_env_CFLAGS_value=
ac_cv_env_CPPFLAGS_set=
ac_cv_env_CPPFLAGS_value=
ac_cv_env_CPP_set=
ac_cv_env_CPP_value=
ac_cv_env_LDFLAGS_set=
ac_cv_env_LDFLAGS_value=
ac_cv_env_LIBS_set=
ac_cv_env_LIBS_value=
ac_cv_env_build_alias_set=
ac_cv_env_build_alias_value=
ac_cv_env_host_alias_set=
ac_cv_env_host_alias_value=
ac_cv_env_target_alias_set=
ac_cv_env_target_alias_value=
ac_cv_func_EVP_aes_128_cbc=yes
ac_cv_func_EVP_aes_256_cbc=yes
ac_cv_func_EVP_bf_cbc=yes
ac_cv_func_EVP_cast5_cbc=yes
ac_cv_func_EVP_des_cbc=yes
ac_cv_func_EVP_desx_cbc=yes
ac_cv_func_EVP_idea_cbc=yes
ac_cv_func_EVP_rc2_cbc=yes
ac_cv_func_EVP_rc4=yes
ac_cv_func_EVP_rc5_32_12_16_cbc=no
ac_cv_func_OpenSSL_add_all_algorithms=no
ac_cv_func_SSL_set_tlsext_host_name=no
ac_cv_func_X509_check_host=yes
ac_cv_have_decl_OpenSSL_add_all_algorithms=yes
ac_cv_have_decl_SSL_set_tlsext_host_name=yes
ac_cv_header_openssl_crypto_h=yes
ac_cv_header_openssl_ssl_h=yes
ac_cv_header_stdc=yes
ac_cv_lib_c_clearenv=yes
ac_cv_lib_c_get_current_dir_name=yes
ac_cv_lib_c_mkostemp=yes
ac_cv_lib_c_poll=yes
ac_cv_lib_c_ptsname_r=yes
ac_cv_lib_c_setresuid=yes
ac_cv_lib_c_umount2=yes
ac_cv_lib_c_umount=yes
ac_cv_lib_crypto_EVP_CIPHER_CTX_init=yes
ac_cv_lib_ssl_SSL_library_init=yes
ac_cv_objext=o
ac_cv_path_EGREP='/bin/grep -E'
ac_cv_path_GREP=/bin/grep
ac_cv_prog_CPP='gcc -E'
ac_cv_prog_ac_ct_CC=gcc
ac_cv_prog_cc_c89=
ac_cv_prog_cc_g=yes
ac_cv_prog_make_make_set=yes
ac_cv_sys_file_offset_bits=64
ac_cv_sys_largefile_CC=no

## ----------------- ##
## Output variables. ##
## ----------------- ##

CC='gcc'
CFLAGS='-g -O2'
CPP='gcc -E'
CPPFLAGS=''
DEFS='-DPACKAGE_NAME=\"\" -DPACKAGE_TARNAME=\"\" -DPACKAGE_VERSION=\"\" -DPACKAGE_STRING=\"\" -DPACKAGE_BUGREPORT=\"\" -DPACKAGE_URL=\"\" -DSTDC_HEADERS=1 -D_FILE_OFFSET_BITS=64 -DHAVE_LIBC=1 -DHAVE_PTSNAME_R=1 -DHAVE_LIBC=1 -DHAVE_CLEARENV=1 -DHAVE_LIBC=1 -DHAVE_SETRESUID=1 -DHAVE_LIBC=1 -DHAVE_GET_CURR_DIR=1 -DHAVE_LIBC=1 -DHAVE_UMOUNT2=1 -DHAVE_LIBC=1 -DHAVE_UMOUNT=1 -DHAVE_LIBC=1 -DHAVE_MKOSTEMP=1 -DHAVE_LIBC=1 -DHAVE_POLL=1 -DHAVE_LIBCRYPTO=1 -DHAVE_LIBSSL=1 -DHAVE_EVP_BF_CBC=1 -DHAVE_EVP_RC2_CBC=1 -DHAVE_EVP_RC4=1 -DHAVE_EVP_DES_CBC=1 -DHAVE_EVP_DESX_CBC=1 -DHAVE_EVP_CAST5_CBC=1 -DHAVE_EVP_IDEA_CBC=1 -DHAVE_EVP_AES_128_CBC=1 -DHAVE_EVP_AES_256_CBC=1 -DHAVE_X509_CHECK_HOST=1 -DHAVE_DECL_OPENSSL_ADD_ALL_ALGORITHMS=1 -DHAVE_OPENSSL_ADD_ALL_ALGORITHMS=1 -DHAVE_DECL_SSL_SET_TLSEXT_HOST_NAME=1 -DHAVE_SSL_SET_TLSEXT_HOST_NAME=1'
ECHO_C=''
ECHO_N='-n'
ECHO_T=''
EGREP='/bin/grep -E'
EXEEXT=''
GREP='/bin/grep'
LDFLAGS=''
LIBOBJS=''
LIBS='-lssl -lcrypto -lc -lc -lc -lc -lc -lc -lc -lc '
LTLIBOBJS=''
OBJEXT='o'
PACKAGE_BUGREPORT=''
PACKAGE_NAME=''
PACKAGE_STRING=''
PACKAGE_TARNAME=''
PACKAGE_URL=''
PACKAGE_VERSION=''
PATH_SEPARATOR=':'
SET_MAKE=''
SHELL='/bin/sh'
SIMD_CFLAGS=''
ac_ct_CC='gcc'
bindir='${exec_prefix}/bin'
build_alias=''
datadir='${datarootdir}'
datarootdir='${prefix}/share'
docdir='${datarootdir}/doc/${PACKAGE}'
dvidir='${docdir}'
exec_prefix='${prefix}'
host_alias=''
htmldir='${docdir}'
includedir='${prefix}/include'
infodir='${datarootdir}/info'
libdir='${exec_prefix}/lib'
libexecdir='${exec_prefix}/libexec'
localedir='${datarootdir}/locale'
localstatedir='${prefix}/var'
mandir='${datarootdir}/man'
oldincludedir='/usr/include'
pdfdir='${docdir}'
prefix='/usr/local'
program_transform_name='s,x,x,'
psdir='${docdir}'
runstatedir='${localstatedir}/run'
sbindir='${exec_prefix}/sbin'
sharedstatedir='${prefix}/com'
sysconfdir='${prefix}/etc'
target_alias=''

## ----------- ##
## confdefs.h. ##
## ----------- ##

/* confdefs.h */
#define PACKAGE_NAME ""
#define PACKAGE_TARNAME ""
#define PACKAGE_VERSION ""
#define PACKAGE_STRING ""
#define PACKAGE_BUGREPORT ""
#define PACKAGE_URL ""
#define STDC_HEADERS 1
#define _FILE_OFFSET_BITS 64
#define HAVE_LIBC 1
#define HAVE_PTSNAME_R 1
#define HAVE_LIBC 1
#define HAVE_CLEARENV 1
#define HAVE_LIBC 1
#define HAVE_SETRESUID 1
#define HAVE_LIBC 1
#define HAVE_GET_CURR_DIR 1
#define HAVE_LIBC 1
#define HAVE_UMOUNT2 1
#define HAVE_LIBC 1
#define HAVE_UMOUNT 1
#define HAVE_LIBC 1
#define HAVE_MKOSTEMP 1
#define HAVE_LIBC 1
#define HAVE_POLL 1
#define HAVE_LIBCRYPTO 1
#define HAVE_LIBSSL 1
#define HAVE_EVP_BF_CBC 1
#define HAVE_EVP_RC2_CBC 1
#define HAVE_EVP_RC4 1
#define HAVE_EVP_DES_CBC 1
#define HAVE_EVP_DESX_CBC 1
#define HAVE_EVP_CAST5_CBC 1
#define HAVE_EVP_IDEA_CBC 1
#define HAVE_EVP_AES_128_CBC 1
#define HAVE_EVP_AES_256_CBC 1
#define HAVE_X509_CHECK_HOST 1
#define HAVE_DECL_OPENSSL_ADD_ALL_ALGORITHMS 1
#define HAVE_OPENSSL_ADD_ALL_ALGORITHMS 1
#define HAVE_DECL_SSL_SET_TLSEXT_HOST_NAME 1
#define HAVE_SSL_SET_TLSEXT_HOST_NAME 1

configure: exit 0
